<?xml version="1.0" encoding="UTF-8" ?>
<testsuite tests="3" failures="3" name="br.com.ricardotulio.mikrotikadmin.model.GeradorDeFaturaTest" time="0.153" errors="0" skipped="0">
  <properties>
[...]
</properties>
  <testcase classname="br.com.ricardotulio.mikrotikadmin.model.GeradorDeFaturaTest" name="testaSeGeraFaturaComPeriodoFaturamentoEDataVencimento" time="0.147">
    <failure message="expected:&lt;java.util.GregorianCalendar[time=1465052400000,areFieldsSet=true,areAllFieldsSet=true,lenient=true,zone=sun.util.calendar.ZoneInfo[id=&quot;America/Sao_Paulo&quot;,offset=-10800000,dstSavings=3600000,useDaylight=true,transitions=129,lastRule=java.util.SimpleTimeZone[id=America/Sao_Paulo,offset=-10800000,dstSavings=3600000,useDaylight=true,startYear=0,startMode=3,startMonth=9,startDay=15,startDayOfWeek=1,startTime=0,startTimeMode=0,endMode=3,endMonth=1,endDay=15,endDayOfWeek=1,endTime=0,endTimeMode=0]],firstDayOfWeek=1,minimalDaysInFirstWeek=1,ERA=1,YEAR=2016,MONTH=5,WEEK_OF_YEAR=23,WEEK_OF_MONTH=1,DAY_OF_MONTH=4,DAY_OF_YEAR=156,DAY_OF_WEEK=7,DAY_OF_WEEK_IN_MONTH=1,AM_PM=1,HOUR=0,HOUR_OF_DAY=12,MINUTE=0,SECOND=0,MILLISECOND=0,ZONE_OFFSET=-10800000,DST_OFFSET=0]&gt; but was:&lt;null&gt;" type="java.lang.AssertionError">java.lang.AssertionError: expected:&lt;java.util.GregorianCalendar[time=1465052400000,areFieldsSet=true,areAllFieldsSet=true,lenient=true,zone=sun.util.calendar.ZoneInfo[id=&quot;America/Sao_Paulo&quot;,offset=-10800000,dstSavings=3600000,useDaylight=true,transitions=129,lastRule=java.util.SimpleTimeZone[id=America/Sao_Paulo,offset=-10800000,dstSavings=3600000,useDaylight=true,startYear=0,startMode=3,startMonth=9,startDay=15,startDayOfWeek=1,startTime=0,startTimeMode=0,endMode=3,endMonth=1,endDay=15,endDayOfWeek=1,endTime=0,endTimeMode=0]],firstDayOfWeek=1,minimalDaysInFirstWeek=1,ERA=1,YEAR=2016,MONTH=5,WEEK_OF_YEAR=23,WEEK_OF_MONTH=1,DAY_OF_MONTH=4,DAY_OF_YEAR=156,DAY_OF_WEEK=7,DAY_OF_WEEK_IN_MONTH=1,AM_PM=1,HOUR=0,HOUR_OF_DAY=12,MINUTE=0,SECOND=0,MILLISECOND=0,ZONE_OFFSET=-10800000,DST_OFFSET=0]&gt; but was:&lt;null&gt;
	at org.junit.Assert.fail(Assert.java:88)
	at org.junit.Assert.failNotEquals(Assert.java:834)
	at org.junit.Assert.assertEquals(Assert.java:118)
	at org.junit.Assert.assertEquals(Assert.java:144)
	at br.com.ricardotulio.mikrotikadmin.model.GeradorDeFaturaTest.testaSeGeraFaturaComPeriodoFaturamentoEDataVencimento(GeradorDeFaturaTest.java:114)
	at sun.reflect.NativeMethodAccessorImpl.invoke0(Native Method)
	at sun.reflect.NativeMethodAccessorImpl.invoke(NativeMethodAccessorImpl.java:62)
	at sun.reflect.DelegatingMethodAccessorImpl.invoke(DelegatingMethodAccessorImpl.java:43)
	at java.lang.reflect.Method.invoke(Method.java:497)
	at org.junit.runners.model.FrameworkMethod$1.runReflectiveCall(FrameworkMethod.java:50)
	at org.junit.internal.runners.model.ReflectiveCallable.run(ReflectiveCallable.java:12)
	at org.junit.runners.model.FrameworkMethod.invokeExplosively(FrameworkMethod.java:47)
	at org.junit.internal.runners.statements.InvokeMethod.evaluate(InvokeMethod.java:17)
	at org.junit.internal.runners.statements.RunBefores.evaluate(RunBefores.java:26)
	at org.junit.runners.ParentRunner.runLeaf(ParentRunner.java:325)
	at org.junit.runners.BlockJUnit4ClassRunner.runChild(BlockJUnit4ClassRunner.java:78)
	at org.junit.runners.BlockJUnit4ClassRunner.runChild(BlockJUnit4ClassRunner.java:57)
	at org.junit.runners.ParentRunner$3.run(ParentRunner.java:290)
	at org.junit.runners.ParentRunner$1.schedule(ParentRunner.java:71)
	at org.junit.runners.ParentRunner.runChildren(ParentRunner.java:288)
	at org.junit.runners.ParentRunner.access$000(ParentRunner.java:58)
	at org.junit.runners.ParentRunner$2.evaluate(ParentRunner.java:268)
	at org.junit.runners.ParentRunner.run(ParentRunner.java:363)
	at org.apache.maven.surefire.junit4.JUnit4TestSet.execute(JUnit4TestSet.java:53)
	at org.apache.maven.surefire.junit4.JUnit4Provider.executeTestSet(JUnit4Provider.java:123)
	at org.apache.maven.surefire.junit4.JUnit4Provider.invoke(JUnit4Provider.java:104)
	at sun.reflect.NativeMethodAccessorImpl.invoke0(Native Method)
	at sun.reflect.NativeMethodAccessorImpl.invoke(NativeMethodAccessorImpl.java:62)
	at sun.reflect.DelegatingMethodAccessorImpl.invoke(DelegatingMethodAccessorImpl.java:43)
	at java.lang.reflect.Method.invoke(Method.java:497)
	at org.apache.maven.surefire.util.ReflectionUtils.invokeMethodWithArray(ReflectionUtils.java:164)
	at org.apache.maven.surefire.booter.ProviderFactory$ProviderProxy.invoke(ProviderFactory.java:110)
	at org.apache.maven.surefire.booter.SurefireStarter.invokeProvider(SurefireStarter.java:172)
	at org.apache.maven.surefire.booter.SurefireStarter.runSuitesInProcessWhenForked(SurefireStarter.java:104)
	at org.apache.maven.surefire.booter.ForkedBooter.main(ForkedBooter.java:70)
</failure>
  </testcase>
  <testcase classname="br.com.ricardotulio.mikrotikadmin.model.GeradorDeFaturaTest" name="testaSeGeraFatura" time="0.004">
    <failure message="expected:&lt;java.util.GregorianCalendar[time=1466002800000,areFieldsSet=true,areAllFieldsSet=false,lenient=true,zone=sun.util.calendar.ZoneInfo[id=&quot;America/Sao_Paulo&quot;,offset=-10800000,dstSavings=3600000,useDaylight=true,transitions=129,lastRule=java.util.SimpleTimeZone[id=America/Sao_Paulo,offset=-10800000,dstSavings=3600000,useDaylight=true,startYear=0,startMode=3,startMonth=9,startDay=15,startDayOfWeek=1,startTime=0,startTimeMode=0,endMode=3,endMonth=1,endDay=15,endDayOfWeek=1,endTime=0,endTimeMode=0]],firstDayOfWeek=1,minimalDaysInFirstWeek=1,ERA=1,YEAR=2016,MONTH=5,WEEK_OF_YEAR=25,WEEK_OF_MONTH=3,DAY_OF_MONTH=15,DAY_OF_YEAR=167,DAY_OF_WEEK=4,DAY_OF_WEEK_IN_MONTH=3,AM_PM=1,HOUR=0,HOUR_OF_DAY=12,MINUTE=0,SECOND=0,MILLISECOND=0,ZONE_OFFSET=-10800000,DST_OFFSET=0]&gt; but was:&lt;null&gt;" type="java.lang.AssertionError">java.lang.AssertionError: expected:&lt;java.util.GregorianCalendar[time=1466002800000,areFieldsSet=true,areAllFieldsSet=false,lenient=true,zone=sun.util.calendar.ZoneInfo[id=&quot;America/Sao_Paulo&quot;,offset=-10800000,dstSavings=3600000,useDaylight=true,transitions=129,lastRule=java.util.SimpleTimeZone[id=America/Sao_Paulo,offset=-10800000,dstSavings=3600000,useDaylight=true,startYear=0,startMode=3,startMonth=9,startDay=15,startDayOfWeek=1,startTime=0,startTimeMode=0,endMode=3,endMonth=1,endDay=15,endDayOfWeek=1,endTime=0,endTimeMode=0]],firstDayOfWeek=1,minimalDaysInFirstWeek=1,ERA=1,YEAR=2016,MONTH=5,WEEK_OF_YEAR=25,WEEK_OF_MONTH=3,DAY_OF_MONTH=15,DAY_OF_YEAR=167,DAY_OF_WEEK=4,DAY_OF_WEEK_IN_MONTH=3,AM_PM=1,HOUR=0,HOUR_OF_DAY=12,MINUTE=0,SECOND=0,MILLISECOND=0,ZONE_OFFSET=-10800000,DST_OFFSET=0]&gt; but was:&lt;null&gt;
	at org.junit.Assert.fail(Assert.java:88)
	at org.junit.Assert.failNotEquals(Assert.java:834)
	at org.junit.Assert.assertEquals(Assert.java:118)
	at org.junit.Assert.assertEquals(Assert.java:144)
	at br.com.ricardotulio.mikrotikadmin.model.GeradorDeFaturaTest.testaSeGeraFatura(GeradorDeFaturaTest.java:48)
	at sun.reflect.NativeMethodAccessorImpl.invoke0(Native Method)
	at sun.reflect.NativeMethodAccessorImpl.invoke(NativeMethodAccessorImpl.java:62)
	at sun.reflect.DelegatingMethodAccessorImpl.invoke(DelegatingMethodAccessorImpl.java:43)
	at java.lang.reflect.Method.invoke(Method.java:497)
	at org.junit.runners.model.FrameworkMethod$1.runReflectiveCall(FrameworkMethod.java:50)
	at org.junit.internal.runners.model.ReflectiveCallable.run(ReflectiveCallable.java:12)
	at org.junit.runners.model.FrameworkMethod.invokeExplosively(FrameworkMethod.java:47)
	at org.junit.internal.runners.statements.InvokeMethod.evaluate(InvokeMethod.java:17)
	at org.junit.internal.runners.statements.RunBefores.evaluate(RunBefores.java:26)
	at org.junit.runners.ParentRunner.runLeaf(ParentRunner.java:325)
	at org.junit.runners.BlockJUnit4ClassRunner.runChild(BlockJUnit4ClassRunner.java:78)
	at org.junit.runners.BlockJUnit4ClassRunner.runChild(BlockJUnit4ClassRunner.java:57)
	at org.junit.runners.ParentRunner$3.run(ParentRunner.java:290)
	at org.junit.runners.ParentRunner$1.schedule(ParentRunner.java:71)
	at org.junit.runners.ParentRunner.runChildren(ParentRunner.java:288)
	at org.junit.runners.ParentRunner.access$000(ParentRunner.java:58)
	at org.junit.runners.ParentRunner$2.evaluate(ParentRunner.java:268)
	at org.junit.runners.ParentRunner.run(ParentRunner.java:363)
	at org.apache.maven.surefire.junit4.JUnit4TestSet.execute(JUnit4TestSet.java:53)
	at org.apache.maven.surefire.junit4.JUnit4Provider.executeTestSet(JUnit4Provider.java:123)
	at org.apache.maven.surefire.junit4.JUnit4Provider.invoke(JUnit4Provider.java:104)
	at sun.reflect.NativeMethodAccessorImpl.invoke0(Native Method)
	at sun.reflect.NativeMethodAccessorImpl.invoke(NativeMethodAccessorImpl.java:62)
	at sun.reflect.DelegatingMethodAccessorImpl.invoke(DelegatingMethodAccessorImpl.java:43)
	at java.lang.reflect.Method.invoke(Method.java:497)
	at org.apache.maven.surefire.util.ReflectionUtils.invokeMethodWithArray(ReflectionUtils.java:164)
	at org.apache.maven.surefire.booter.ProviderFactory$ProviderProxy.invoke(ProviderFactory.java:110)
	at org.apache.maven.surefire.booter.SurefireStarter.invokeProvider(SurefireStarter.java:172)
	at org.apache.maven.surefire.booter.SurefireStarter.runSuitesInProcessWhenForked(SurefireStarter.java:104)
	at org.apache.maven.surefire.booter.ForkedBooter.main(ForkedBooter.java:70)
</failure>
  </testcase>
  <testcase classname="br.com.ricardotulio.mikrotikadmin.model.GeradorDeFaturaTest" name="testaSeGeraFaturaComPeriodoFaturamento" time="0.001">
    <failure message="expected:&lt;java.util.GregorianCalendar[time=1466780400000,areFieldsSet=true,areAllFieldsSet=true,lenient=true,zone=sun.util.calendar.ZoneInfo[id=&quot;America/Sao_Paulo&quot;,offset=-10800000,dstSavings=3600000,useDaylight=true,transitions=129,lastRule=java.util.SimpleTimeZone[id=America/Sao_Paulo,offset=-10800000,dstSavings=3600000,useDaylight=true,startYear=0,startMode=3,startMonth=9,startDay=15,startDayOfWeek=1,startTime=0,startTimeMode=0,endMode=3,endMonth=1,endDay=15,endDayOfWeek=1,endTime=0,endTimeMode=0]],firstDayOfWeek=1,minimalDaysInFirstWeek=1,ERA=1,YEAR=2016,MONTH=5,WEEK_OF_YEAR=26,WEEK_OF_MONTH=4,DAY_OF_MONTH=24,DAY_OF_YEAR=176,DAY_OF_WEEK=6,DAY_OF_WEEK_IN_MONTH=4,AM_PM=1,HOUR=0,HOUR_OF_DAY=12,MINUTE=0,SECOND=0,MILLISECOND=0,ZONE_OFFSET=-10800000,DST_OFFSET=0]&gt; but was:&lt;null&gt;" type="java.lang.AssertionError">java.lang.AssertionError: expected:&lt;java.util.GregorianCalendar[time=1466780400000,areFieldsSet=true,areAllFieldsSet=true,lenient=true,zone=sun.util.calendar.ZoneInfo[id=&quot;America/Sao_Paulo&quot;,offset=-10800000,dstSavings=3600000,useDaylight=true,transitions=129,lastRule=java.util.SimpleTimeZone[id=America/Sao_Paulo,offset=-10800000,dstSavings=3600000,useDaylight=true,startYear=0,startMode=3,startMonth=9,startDay=15,startDayOfWeek=1,startTime=0,startTimeMode=0,endMode=3,endMonth=1,endDay=15,endDayOfWeek=1,endTime=0,endTimeMode=0]],firstDayOfWeek=1,minimalDaysInFirstWeek=1,ERA=1,YEAR=2016,MONTH=5,WEEK_OF_YEAR=26,WEEK_OF_MONTH=4,DAY_OF_MONTH=24,DAY_OF_YEAR=176,DAY_OF_WEEK=6,DAY_OF_WEEK_IN_MONTH=4,AM_PM=1,HOUR=0,HOUR_OF_DAY=12,MINUTE=0,SECOND=0,MILLISECOND=0,ZONE_OFFSET=-10800000,DST_OFFSET=0]&gt; but was:&lt;null&gt;
	at org.junit.Assert.fail(Assert.java:88)
	at org.junit.Assert.failNotEquals(Assert.java:834)
	at org.junit.Assert.assertEquals(Assert.java:118)
	at org.junit.Assert.assertEquals(Assert.java:144)
	at br.com.ricardotulio.mikrotikadmin.model.GeradorDeFaturaTest.testaSeGeraFaturaComPeriodoFaturamento(GeradorDeFaturaTest.java:80)
	at sun.reflect.NativeMethodAccessorImpl.invoke0(Native Method)
	at sun.reflect.NativeMethodAccessorImpl.invoke(NativeMethodAccessorImpl.java:62)
	at sun.reflect.DelegatingMethodAccessorImpl.invoke(DelegatingMethodAccessorImpl.java:43)
	at java.lang.reflect.Method.invoke(Method.java:497)
	at org.junit.runners.model.FrameworkMethod$1.runReflectiveCall(FrameworkMethod.java:50)
	at org.junit.internal.runners.model.ReflectiveCallable.run(ReflectiveCallable.java:12)
	at org.junit.runners.model.FrameworkMethod.invokeExplosively(FrameworkMethod.java:47)
	at org.junit.internal.runners.statements.InvokeMethod.evaluate(InvokeMethod.java:17)
	at org.junit.internal.runners.statements.RunBefores.evaluate(RunBefores.java:26)
	at org.junit.runners.ParentRunner.runLeaf(ParentRunner.java:325)
	at org.junit.runners.BlockJUnit4ClassRunner.runChild(BlockJUnit4ClassRunner.java:78)
	at org.junit.runners.BlockJUnit4ClassRunner.runChild(BlockJUnit4ClassRunner.java:57)
	at org.junit.runners.ParentRunner$3.run(ParentRunner.java:290)
	at org.junit.runners.ParentRunner$1.schedule(ParentRunner.java:71)
	at org.junit.runners.ParentRunner.runChildren(ParentRunner.java:288)
	at org.junit.runners.ParentRunner.access$000(ParentRunner.java:58)
	at org.junit.runners.ParentRunner$2.evaluate(ParentRunner.java:268)
	at org.junit.runners.ParentRunner.run(ParentRunner.java:363)
	at org.apache.maven.surefire.junit4.JUnit4TestSet.execute(JUnit4TestSet.java:53)
	at org.apache.maven.surefire.junit4.JUnit4Provider.executeTestSet(JUnit4Provider.java:123)
	at org.apache.maven.surefire.junit4.JUnit4Provider.invoke(JUnit4Provider.java:104)
	at sun.reflect.NativeMethodAccessorImpl.invoke0(Native Method)
	at sun.reflect.NativeMethodAccessorImpl.invoke(NativeMethodAccessorImpl.java:62)
	at sun.reflect.DelegatingMethodAccessorImpl.invoke(DelegatingMethodAccessorImpl.java:43)
	at java.lang.reflect.Method.invoke(Method.java:497)
	at org.apache.maven.surefire.util.ReflectionUtils.invokeMethodWithArray(ReflectionUtils.java:164)
	at org.apache.maven.surefire.booter.ProviderFactory$ProviderProxy.invoke(ProviderFactory.java:110)
	at org.apache.maven.surefire.booter.SurefireStarter.invokeProvider(SurefireStarter.java:172)
	at org.apache.maven.surefire.booter.SurefireStarter.runSuitesInProcessWhenForked(SurefireStarter.java:104)
	at org.apache.maven.surefire.booter.ForkedBooter.main(ForkedBooter.java:70)
</failure>
  </testcase>
</testsuite>