<?xml version="1.0" encoding="UTF-8" ?>
<testsuite tests="710" failures="3" name="br.com.ricardotulio.mikrotikadmin.TestSuite" time="29.637" errors="64" skipped="0">
  <properties>
[...]
</properties>
  <testcase classname="br.com.ricardotulio.mikrotikadmin.model.ClienteTest" name="testaSeObtemDataInicioFaturamentoProximaFatura[0]" time="0"/>
  <testcase classname="br.com.ricardotulio.mikrotikadmin.model.ClienteTest" name="testaSeObtemDataInicioFaturamentoProximaFatura[1]" time="0"/>
  <testcase classname="br.com.ricardotulio.mikrotikadmin.model.ClienteTest" name="testaSeObtemDataInicioFaturamentoProximaFatura[2]" time="0"/>
  <testcase classname="br.com.ricardotulio.mikrotikadmin.model.ClienteTest" name="testaSeObtemDataInicioFaturamentoProximaFatura[3]" time="0"/>
  <testcase classname="br.com.ricardotulio.mikrotikadmin.model.ClienteTest" name="testaSeObtemDataInicioFaturamentoProximaFatura[4]" time="0"/>
  <testcase classname="br.com.ricardotulio.mikrotikadmin.model.ClienteTest" name="testaSeObtemDataInicioFaturamentoProximaFatura[5]" time="0"/>
  <testcase classname="br.com.ricardotulio.mikrotikadmin.model.ClienteTest" name="testaSeObtemDataInicioFaturamentoProximaFatura[6]" time="0"/>
  <testcase classname="br.com.ricardotulio.mikrotikadmin.model.ClienteTest" name="testaSeObtemDataInicioFaturamentoProximaFatura[7]" time="0"/>
  <testcase classname="br.com.ricardotulio.mikrotikadmin.model.ClienteTest" name="testaSeObtemDataInicioFaturamentoProximaFatura[8]" time="0"/>
  <testcase classname="br.com.ricardotulio.mikrotikadmin.model.ClienteTest" name="testaSeObtemDataInicioFaturamentoProximaFatura[9]" time="0"/>
  <testcase classname="br.com.ricardotulio.mikrotikadmin.model.ClienteTest" name="testaSeObtemDataInicioFaturamentoProximaFatura[10]" time="0"/>
  <testcase classname="br.com.ricardotulio.mikrotikadmin.model.ClienteTest" name="testaSeObtemDataInicioFaturamentoProximaFatura[11]" time="0"/>
  <testcase classname="br.com.ricardotulio.mikrotikadmin.model.ClienteTest" name="testaSeObtemDataInicioFaturamentoProximaFatura[12]" time="0"/>
  <testcase classname="br.com.ricardotulio.mikrotikadmin.model.ClienteTest" name="testaSeObtemDataInicioFaturamentoProximaFatura[13]" time="0"/>
  <testcase classname="br.com.ricardotulio.mikrotikadmin.model.ClienteTest" name="testaSeObtemDataInicioFaturamentoProximaFatura[14]" time="0"/>
  <testcase classname="br.com.ricardotulio.mikrotikadmin.model.ClienteTest" name="testaSeObtemDataInicioFaturamentoProximaFatura[15]" time="0"/>
  <testcase classname="br.com.ricardotulio.mikrotikadmin.model.ClienteTest" name="testaSeObtemDataInicioFaturamentoProximaFatura[16]" time="0"/>
  <testcase classname="br.com.ricardotulio.mikrotikadmin.model.ClienteTest" name="testaSeObtemDataInicioFaturamentoProximaFatura[17]" time="0"/>
  <testcase classname="br.com.ricardotulio.mikrotikadmin.model.ClienteTest" name="testaSeObtemDataInicioFaturamentoProximaFatura[18]" time="0"/>
  <testcase classname="br.com.ricardotulio.mikrotikadmin.model.ClienteTest" name="testaSeObtemDataInicioFaturamentoProximaFatura[19]" time="0"/>
  <testcase classname="br.com.ricardotulio.mikrotikadmin.model.ClienteTest" name="testaSeObtemDataInicioFaturamentoProximaFatura[20]" time="0"/>
  <testcase classname="br.com.ricardotulio.mikrotikadmin.model.ClienteTest" name="testaSeObtemDataInicioFaturamentoProximaFatura[21]" time="0"/>
  <testcase classname="br.com.ricardotulio.mikrotikadmin.model.ClienteTest" name="testaSeObtemDataInicioFaturamentoProximaFatura[22]" time="0"/>
  <testcase classname="br.com.ricardotulio.mikrotikadmin.model.ClienteTest" name="testaSeObtemDataInicioFaturamentoProximaFatura[23]" time="0"/>
  <testcase classname="br.com.ricardotulio.mikrotikadmin.model.ClienteTest" name="testaSeObtemDataInicioFaturamentoProximaFatura[24]" time="0"/>
  <testcase classname="br.com.ricardotulio.mikrotikadmin.model.ClienteTest" name="testaSeObtemDataInicioFaturamentoProximaFatura[25]" time="0"/>
  <testcase classname="br.com.ricardotulio.mikrotikadmin.model.ClienteTest" name="testaSeObtemDataInicioFaturamentoProximaFatura[26]" time="0"/>
  <testcase classname="br.com.ricardotulio.mikrotikadmin.model.ClienteTest" name="testaSeObtemDataInicioFaturamentoProximaFatura[27]" time="0"/>
  <testcase classname="br.com.ricardotulio.mikrotikadmin.model.ClienteTest" name="testaSeObtemDataInicioFaturamentoProximaFatura[28]" time="0.001"/>
  <testcase classname="br.com.ricardotulio.mikrotikadmin.model.ClienteTest" name="testaSeObtemDataInicioFaturamentoProximaFatura[29]" time="0"/>
  <testcase classname="br.com.ricardotulio.mikrotikadmin.model.ClienteTest" name="testaSeObtemDataInicioFaturamentoProximaFatura[30]" time="0"/>
  <testcase classname="br.com.ricardotulio.mikrotikadmin.model.ClienteTest" name="testaSeObtemDataInicioFaturamentoProximaFatura[31]" time="0"/>
  <testcase classname="br.com.ricardotulio.mikrotikadmin.model.ClienteTest" name="testaSeObtemDataInicioFaturamentoProximaFatura[32]" time="0"/>
  <testcase classname="br.com.ricardotulio.mikrotikadmin.model.ClienteTest" name="testaSeObtemDataInicioFaturamentoProximaFatura[33]" time="0"/>
  <testcase classname="br.com.ricardotulio.mikrotikadmin.model.ClienteTest" name="testaSeObtemDataInicioFaturamentoProximaFatura[34]" time="0"/>
  <testcase classname="br.com.ricardotulio.mikrotikadmin.model.ClienteTest" name="testaSeObtemDataInicioFaturamentoProximaFatura[35]" time="0"/>
  <testcase classname="br.com.ricardotulio.mikrotikadmin.model.ClienteTest" name="testaSeObtemDataInicioFaturamentoProximaFatura[36]" time="0.001"/>
  <testcase classname="br.com.ricardotulio.mikrotikadmin.model.ClienteTest" name="testaSeObtemDataInicioFaturamentoProximaFatura[37]" time="0"/>
  <testcase classname="br.com.ricardotulio.mikrotikadmin.model.ClienteTest" name="testaSeObtemDataInicioFaturamentoProximaFatura[38]" time="0"/>
  <testcase classname="br.com.ricardotulio.mikrotikadmin.model.ClienteTest" name="testaSeObtemDataInicioFaturamentoProximaFatura[39]" time="0"/>
  <testcase classname="br.com.ricardotulio.mikrotikadmin.model.ClienteTest" name="testaSeObtemDataInicioFaturamentoProximaFatura[40]" time="0"/>
  <testcase classname="br.com.ricardotulio.mikrotikadmin.model.ClienteTest" name="testaSeObtemDataInicioFaturamentoProximaFatura[41]" time="0"/>
  <testcase classname="br.com.ricardotulio.mikrotikadmin.model.ClienteTest" name="testaSeObtemDataInicioFaturamentoProximaFatura[42]" time="0"/>
  <testcase classname="br.com.ricardotulio.mikrotikadmin.model.ClienteTest" name="testaSeObtemDataInicioFaturamentoProximaFatura[43]" time="0"/>
  <testcase classname="br.com.ricardotulio.mikrotikadmin.model.ClienteTest" name="testaSeObtemDataInicioFaturamentoProximaFatura[44]" time="0.001"/>
  <testcase classname="br.com.ricardotulio.mikrotikadmin.model.ClienteTest" name="testaSeObtemDataInicioFaturamentoProximaFatura[45]" time="0"/>
  <testcase classname="br.com.ricardotulio.mikrotikadmin.model.ClienteTest" name="testaSeObtemDataInicioFaturamentoProximaFatura[46]" time="0"/>
  <testcase classname="br.com.ricardotulio.mikrotikadmin.model.ClienteTest" name="testaSeObtemDataInicioFaturamentoProximaFatura[47]" time="0"/>
  <testcase classname="br.com.ricardotulio.mikrotikadmin.model.ClienteTest" name="testaSeObtemDataInicioFaturamentoProximaFatura[48]" time="0"/>
  <testcase classname="br.com.ricardotulio.mikrotikadmin.model.ClienteTest" name="testaSeObtemDataInicioFaturamentoProximaFatura[49]" time="0"/>
  <testcase classname="br.com.ricardotulio.mikrotikadmin.model.ClienteTest" name="testaSeObtemDataInicioFaturamentoProximaFatura[50]" time="0"/>
  <testcase classname="br.com.ricardotulio.mikrotikadmin.model.ClienteTest" name="testaSeObtemDataInicioFaturamentoProximaFatura[51]" time="0"/>
  <testcase classname="br.com.ricardotulio.mikrotikadmin.model.ClienteTest" name="testaSeObtemDataInicioFaturamentoProximaFatura[52]" time="0"/>
  <testcase classname="br.com.ricardotulio.mikrotikadmin.model.ClienteTest" name="testaSeObtemDataInicioFaturamentoProximaFatura[53]" time="0"/>
  <testcase classname="br.com.ricardotulio.mikrotikadmin.model.ClienteTest" name="testaSeObtemDataInicioFaturamentoProximaFatura[54]" time="0"/>
  <testcase classname="br.com.ricardotulio.mikrotikadmin.model.ClienteTest" name="testaSeObtemDataInicioFaturamentoProximaFatura[55]" time="0"/>
  <testcase classname="br.com.ricardotulio.mikrotikadmin.model.ClienteTest" name="testaSeObtemDataInicioFaturamentoProximaFatura[56]" time="0"/>
  <testcase classname="br.com.ricardotulio.mikrotikadmin.model.ClienteTest" name="testaSeObtemDataInicioFaturamentoProximaFatura[57]" time="0"/>
  <testcase classname="br.com.ricardotulio.mikrotikadmin.model.ClienteTest" name="testaSeObtemDataInicioFaturamentoProximaFatura[58]" time="0"/>
  <testcase classname="br.com.ricardotulio.mikrotikadmin.model.ClienteTest" name="testaSeObtemDataInicioFaturamentoProximaFatura[59]" time="0"/>
  <testcase classname="br.com.ricardotulio.mikrotikadmin.model.ClienteTest" name="testaSeObtemDataInicioFaturamentoProximaFatura[60]" time="0"/>
  <testcase classname="br.com.ricardotulio.mikrotikadmin.model.ClienteTest" name="testaSeObtemDataInicioFaturamentoProximaFatura[61]" time="0"/>
  <testcase classname="br.com.ricardotulio.mikrotikadmin.model.ClienteTest" name="testaSeObtemDataInicioFaturamentoProximaFatura[62]" time="0"/>
  <testcase classname="br.com.ricardotulio.mikrotikadmin.model.ClienteTest" name="testaSeObtemDataInicioFaturamentoProximaFatura[63]" time="0"/>
  <testcase classname="br.com.ricardotulio.mikrotikadmin.model.ClienteTest" name="testaSeObtemDataInicioFaturamentoProximaFatura[64]" time="0"/>
  <testcase classname="br.com.ricardotulio.mikrotikadmin.model.ClienteTest" name="testaSeObtemDataInicioFaturamentoProximaFatura[65]" time="0"/>
  <testcase classname="br.com.ricardotulio.mikrotikadmin.model.ClienteTest" name="testaSeObtemDataInicioFaturamentoProximaFatura[66]" time="0"/>
  <testcase classname="br.com.ricardotulio.mikrotikadmin.model.ClienteTest" name="testaSeObtemDataInicioFaturamentoProximaFatura[67]" time="0"/>
  <testcase classname="br.com.ricardotulio.mikrotikadmin.model.ClienteTest" name="testaSeObtemDataInicioFaturamentoProximaFatura[68]" time="0"/>
  <testcase classname="br.com.ricardotulio.mikrotikadmin.model.ClienteTest" name="testaSeObtemDataInicioFaturamentoProximaFatura[69]" time="0"/>
  <testcase classname="br.com.ricardotulio.mikrotikadmin.model.ClienteTest" name="testaSeObtemDataInicioFaturamentoProximaFatura[70]" time="0"/>
  <testcase classname="br.com.ricardotulio.mikrotikadmin.model.ClienteTest" name="testaSeObtemDataInicioFaturamentoProximaFatura[71]" time="0"/>
  <testcase classname="br.com.ricardotulio.mikrotikadmin.model.ClienteTest" name="testaSeObtemDataInicioFaturamentoProximaFatura[72]" time="0"/>
  <testcase classname="br.com.ricardotulio.mikrotikadmin.model.ClienteTest" name="testaSeObtemDataInicioFaturamentoProximaFatura[73]" time="0"/>
  <testcase classname="br.com.ricardotulio.mikrotikadmin.model.ClienteTest" name="testaSeObtemDataInicioFaturamentoProximaFatura[74]" time="0"/>
  <testcase classname="br.com.ricardotulio.mikrotikadmin.model.ClienteTest" name="testaSeObtemDataInicioFaturamentoProximaFatura[75]" time="0"/>
  <testcase classname="br.com.ricardotulio.mikrotikadmin.model.ClienteTest" name="testaSeObtemDataInicioFaturamentoProximaFatura[76]" time="0"/>
  <testcase classname="br.com.ricardotulio.mikrotikadmin.model.ClienteTest" name="testaSeObtemDataInicioFaturamentoProximaFatura[77]" time="0"/>
  <testcase classname="br.com.ricardotulio.mikrotikadmin.model.ClienteTest" name="testaSeObtemDataInicioFaturamentoProximaFatura[78]" time="0"/>
  <testcase classname="br.com.ricardotulio.mikrotikadmin.model.ClienteTest" name="testaSeObtemDataInicioFaturamentoProximaFatura[79]" time="0"/>
  <testcase classname="br.com.ricardotulio.mikrotikadmin.model.ClienteTest" name="testaSeObtemDataInicioFaturamentoProximaFatura[80]" time="0"/>
  <testcase classname="br.com.ricardotulio.mikrotikadmin.model.ClienteTest" name="testaSeObtemDataInicioFaturamentoProximaFatura[81]" time="0"/>
  <testcase classname="br.com.ricardotulio.mikrotikadmin.model.ClienteTest" name="testaSeObtemDataInicioFaturamentoProximaFatura[82]" time="0"/>
  <testcase classname="br.com.ricardotulio.mikrotikadmin.model.ClienteTest" name="testaSeObtemDataInicioFaturamentoProximaFatura[83]" time="0"/>
  <testcase classname="br.com.ricardotulio.mikrotikadmin.model.ClienteTest" name="testaSeObtemDataInicioFaturamentoProximaFatura[84]" time="0"/>
  <testcase classname="br.com.ricardotulio.mikrotikadmin.model.ClienteTest" name="testaSeObtemDataInicioFaturamentoProximaFatura[85]" time="0"/>
  <testcase classname="br.com.ricardotulio.mikrotikadmin.model.ClienteTest" name="testaSeObtemDataInicioFaturamentoProximaFatura[86]" time="0"/>
  <testcase classname="br.com.ricardotulio.mikrotikadmin.model.ClienteTest" name="testaSeObtemDataInicioFaturamentoProximaFatura[87]" time="0"/>
  <testcase classname="br.com.ricardotulio.mikrotikadmin.model.ClienteTest" name="testaSeObtemDataInicioFaturamentoProximaFatura[88]" time="0"/>
  <testcase classname="br.com.ricardotulio.mikrotikadmin.model.ClienteTest" name="testaSeObtemDataInicioFaturamentoProximaFatura[89]" time="0"/>
  <testcase classname="br.com.ricardotulio.mikrotikadmin.model.ClienteTest" name="testaSeObtemDataInicioFaturamentoProximaFatura[90]" time="0"/>
  <testcase classname="br.com.ricardotulio.mikrotikadmin.model.ClienteTest" name="testaSeObtemDataInicioFaturamentoProximaFatura[91]" time="0"/>
  <testcase classname="br.com.ricardotulio.mikrotikadmin.model.ClienteTest" name="testaSeObtemDataInicioFaturamentoProximaFatura[92]" time="0"/>
  <testcase classname="br.com.ricardotulio.mikrotikadmin.model.ClienteTest" name="testaSeObtemDataInicioFaturamentoProximaFatura[93]" time="0"/>
  <testcase classname="br.com.ricardotulio.mikrotikadmin.model.ClienteTest" name="testaSeObtemDataInicioFaturamentoProximaFatura[94]" time="0"/>
  <testcase classname="br.com.ricardotulio.mikrotikadmin.model.ClienteTest" name="testaSeObtemDataInicioFaturamentoProximaFatura[95]" time="0"/>
  <testcase classname="br.com.ricardotulio.mikrotikadmin.model.ClienteTest" name="testaSeObtemDataInicioFaturamentoProximaFatura[96]" time="0"/>
  <testcase classname="br.com.ricardotulio.mikrotikadmin.model.ClienteTest" name="testaSeObtemDataInicioFaturamentoProximaFatura[97]" time="0"/>
  <testcase classname="br.com.ricardotulio.mikrotikadmin.model.ClienteTest" name="testaSeObtemDataInicioFaturamentoProximaFatura[98]" time="0"/>
  <testcase classname="br.com.ricardotulio.mikrotikadmin.model.ClienteTest" name="testaSeObtemDataInicioFaturamentoProximaFatura[99]" time="0"/>
  <testcase classname="br.com.ricardotulio.mikrotikadmin.model.PeriodoFaturamentoTest" name="testaSeCalculaPeriodoCompletaUmMes[0]" time="0"/>
  <testcase classname="br.com.ricardotulio.mikrotikadmin.model.PeriodoFaturamentoTest" name="testaSeCalculaIntervaloEntrePeriodoFaturamento[0]" time="0"/>
  <testcase classname="br.com.ricardotulio.mikrotikadmin.model.PeriodoFaturamentoTest" name="testaSeCriaPeriodoFaturamentoComIntervaloEmDias[0]" time="0"/>
  <testcase classname="br.com.ricardotulio.mikrotikadmin.model.PeriodoFaturamentoTest" name="testaSeCalculaPeriodoCompletaUmMes[1]" time="0"/>
  <testcase classname="br.com.ricardotulio.mikrotikadmin.model.PeriodoFaturamentoTest" name="testaSeCalculaIntervaloEntrePeriodoFaturamento[1]" time="0"/>
  <testcase classname="br.com.ricardotulio.mikrotikadmin.model.PeriodoFaturamentoTest" name="testaSeCriaPeriodoFaturamentoComIntervaloEmDias[1]" time="0"/>
  <testcase classname="br.com.ricardotulio.mikrotikadmin.model.PeriodoFaturamentoTest" name="testaSeCalculaPeriodoCompletaUmMes[2]" time="0"/>
  <testcase classname="br.com.ricardotulio.mikrotikadmin.model.PeriodoFaturamentoTest" name="testaSeCalculaIntervaloEntrePeriodoFaturamento[2]" time="0"/>
  <testcase classname="br.com.ricardotulio.mikrotikadmin.model.PeriodoFaturamentoTest" name="testaSeCriaPeriodoFaturamentoComIntervaloEmDias[2]" time="0"/>
  <testcase classname="br.com.ricardotulio.mikrotikadmin.model.PeriodoFaturamentoTest" name="testaSeCalculaPeriodoCompletaUmMes[3]" time="0.001"/>
  <testcase classname="br.com.ricardotulio.mikrotikadmin.model.PeriodoFaturamentoTest" name="testaSeCalculaIntervaloEntrePeriodoFaturamento[3]" time="0"/>
  <testcase classname="br.com.ricardotulio.mikrotikadmin.model.PeriodoFaturamentoTest" name="testaSeCriaPeriodoFaturamentoComIntervaloEmDias[3]" time="0"/>
  <testcase classname="br.com.ricardotulio.mikrotikadmin.model.PeriodoFaturamentoTest" name="testaSeCalculaPeriodoCompletaUmMes[4]" time="0"/>
  <testcase classname="br.com.ricardotulio.mikrotikadmin.model.PeriodoFaturamentoTest" name="testaSeCalculaIntervaloEntrePeriodoFaturamento[4]" time="0"/>
  <testcase classname="br.com.ricardotulio.mikrotikadmin.model.PeriodoFaturamentoTest" name="testaSeCriaPeriodoFaturamentoComIntervaloEmDias[4]" time="0"/>
  <testcase classname="br.com.ricardotulio.mikrotikadmin.model.PeriodoFaturamentoTest" name="testaSeCalculaPeriodoCompletaUmMes[5]" time="0"/>
  <testcase classname="br.com.ricardotulio.mikrotikadmin.model.PeriodoFaturamentoTest" name="testaSeCalculaIntervaloEntrePeriodoFaturamento[5]" time="0"/>
  <testcase classname="br.com.ricardotulio.mikrotikadmin.model.PeriodoFaturamentoTest" name="testaSeCriaPeriodoFaturamentoComIntervaloEmDias[5]" time="0"/>
  <testcase classname="br.com.ricardotulio.mikrotikadmin.model.PeriodoFaturamentoTest" name="testaSeCalculaPeriodoCompletaUmMes[6]" time="0"/>
  <testcase classname="br.com.ricardotulio.mikrotikadmin.model.PeriodoFaturamentoTest" name="testaSeCalculaIntervaloEntrePeriodoFaturamento[6]" time="0"/>
  <testcase classname="br.com.ricardotulio.mikrotikadmin.model.PeriodoFaturamentoTest" name="testaSeCriaPeriodoFaturamentoComIntervaloEmDias[6]" time="0"/>
  <testcase classname="br.com.ricardotulio.mikrotikadmin.model.PeriodoFaturamentoTest" name="testaSeCalculaPeriodoCompletaUmMes[7]" time="0"/>
  <testcase classname="br.com.ricardotulio.mikrotikadmin.model.PeriodoFaturamentoTest" name="testaSeCalculaIntervaloEntrePeriodoFaturamento[7]" time="0.001"/>
  <testcase classname="br.com.ricardotulio.mikrotikadmin.model.PeriodoFaturamentoTest" name="testaSeCriaPeriodoFaturamentoComIntervaloEmDias[7]" time="0"/>
  <testcase classname="br.com.ricardotulio.mikrotikadmin.model.PeriodoFaturamentoTest" name="testaSeCalculaPeriodoCompletaUmMes[8]" time="0"/>
  <testcase classname="br.com.ricardotulio.mikrotikadmin.model.PeriodoFaturamentoTest" name="testaSeCalculaIntervaloEntrePeriodoFaturamento[8]" time="0"/>
  <testcase classname="br.com.ricardotulio.mikrotikadmin.model.PeriodoFaturamentoTest" name="testaSeCriaPeriodoFaturamentoComIntervaloEmDias[8]" time="0"/>
  <testcase classname="br.com.ricardotulio.mikrotikadmin.model.PeriodoFaturamentoTest" name="testaSeCalculaPeriodoCompletaUmMes[9]" time="0"/>
  <testcase classname="br.com.ricardotulio.mikrotikadmin.model.PeriodoFaturamentoTest" name="testaSeCalculaIntervaloEntrePeriodoFaturamento[9]" time="0"/>
  <testcase classname="br.com.ricardotulio.mikrotikadmin.model.PeriodoFaturamentoTest" name="testaSeCriaPeriodoFaturamentoComIntervaloEmDias[9]" time="0"/>
  <testcase classname="br.com.ricardotulio.mikrotikadmin.model.PeriodoFaturamentoTest" name="testaSeCalculaPeriodoCompletaUmMes[10]" time="0"/>
  <testcase classname="br.com.ricardotulio.mikrotikadmin.model.PeriodoFaturamentoTest" name="testaSeCalculaIntervaloEntrePeriodoFaturamento[10]" time="0"/>
  <testcase classname="br.com.ricardotulio.mikrotikadmin.model.PeriodoFaturamentoTest" name="testaSeCriaPeriodoFaturamentoComIntervaloEmDias[10]" time="0"/>
  <testcase classname="br.com.ricardotulio.mikrotikadmin.model.PeriodoFaturamentoTest" name="testaSeCalculaPeriodoCompletaUmMes[11]" time="0"/>
  <testcase classname="br.com.ricardotulio.mikrotikadmin.model.PeriodoFaturamentoTest" name="testaSeCalculaIntervaloEntrePeriodoFaturamento[11]" time="0"/>
  <testcase classname="br.com.ricardotulio.mikrotikadmin.model.PeriodoFaturamentoTest" name="testaSeCriaPeriodoFaturamentoComIntervaloEmDias[11]" time="0"/>
  <testcase classname="br.com.ricardotulio.mikrotikadmin.model.PeriodoFaturamentoTest" name="testaSeCalculaPeriodoCompletaUmMes[12]" time="0"/>
  <testcase classname="br.com.ricardotulio.mikrotikadmin.model.PeriodoFaturamentoTest" name="testaSeCalculaIntervaloEntrePeriodoFaturamento[12]" time="0"/>
  <testcase classname="br.com.ricardotulio.mikrotikadmin.model.PeriodoFaturamentoTest" name="testaSeCriaPeriodoFaturamentoComIntervaloEmDias[12]" time="0"/>
  <testcase classname="br.com.ricardotulio.mikrotikadmin.model.PeriodoFaturamentoTest" name="testaSeCalculaPeriodoCompletaUmMes[13]" time="0"/>
  <testcase classname="br.com.ricardotulio.mikrotikadmin.model.PeriodoFaturamentoTest" name="testaSeCalculaIntervaloEntrePeriodoFaturamento[13]" time="0"/>
  <testcase classname="br.com.ricardotulio.mikrotikadmin.model.PeriodoFaturamentoTest" name="testaSeCriaPeriodoFaturamentoComIntervaloEmDias[13]" time="0"/>
  <testcase classname="br.com.ricardotulio.mikrotikadmin.model.PeriodoFaturamentoTest" name="testaSeCalculaPeriodoCompletaUmMes[14]" time="0"/>
  <testcase classname="br.com.ricardotulio.mikrotikadmin.model.PeriodoFaturamentoTest" name="testaSeCalculaIntervaloEntrePeriodoFaturamento[14]" time="0"/>
  <testcase classname="br.com.ricardotulio.mikrotikadmin.model.PeriodoFaturamentoTest" name="testaSeCriaPeriodoFaturamentoComIntervaloEmDias[14]" time="0"/>
  <testcase classname="br.com.ricardotulio.mikrotikadmin.model.PeriodoFaturamentoTest" name="testaSeCalculaPeriodoCompletaUmMes[15]" time="0"/>
  <testcase classname="br.com.ricardotulio.mikrotikadmin.model.PeriodoFaturamentoTest" name="testaSeCalculaIntervaloEntrePeriodoFaturamento[15]" time="0"/>
  <testcase classname="br.com.ricardotulio.mikrotikadmin.model.PeriodoFaturamentoTest" name="testaSeCriaPeriodoFaturamentoComIntervaloEmDias[15]" time="0"/>
  <testcase classname="br.com.ricardotulio.mikrotikadmin.model.PeriodoFaturamentoTest" name="testaSeCalculaPeriodoCompletaUmMes[16]" time="0"/>
  <testcase classname="br.com.ricardotulio.mikrotikadmin.model.PeriodoFaturamentoTest" name="testaSeCalculaIntervaloEntrePeriodoFaturamento[16]" time="0"/>
  <testcase classname="br.com.ricardotulio.mikrotikadmin.model.PeriodoFaturamentoTest" name="testaSeCriaPeriodoFaturamentoComIntervaloEmDias[16]" time="0"/>
  <testcase classname="br.com.ricardotulio.mikrotikadmin.model.PeriodoFaturamentoTest" name="testaSeCalculaPeriodoCompletaUmMes[17]" time="0"/>
  <testcase classname="br.com.ricardotulio.mikrotikadmin.model.PeriodoFaturamentoTest" name="testaSeCalculaIntervaloEntrePeriodoFaturamento[17]" time="0"/>
  <testcase classname="br.com.ricardotulio.mikrotikadmin.model.PeriodoFaturamentoTest" name="testaSeCriaPeriodoFaturamentoComIntervaloEmDias[17]" time="0"/>
  <testcase classname="br.com.ricardotulio.mikrotikadmin.model.PeriodoFaturamentoTest" name="testaSeCalculaPeriodoCompletaUmMes[18]" time="0"/>
  <testcase classname="br.com.ricardotulio.mikrotikadmin.model.PeriodoFaturamentoTest" name="testaSeCalculaIntervaloEntrePeriodoFaturamento[18]" time="0"/>
  <testcase classname="br.com.ricardotulio.mikrotikadmin.model.PeriodoFaturamentoTest" name="testaSeCriaPeriodoFaturamentoComIntervaloEmDias[18]" time="0"/>
  <testcase classname="br.com.ricardotulio.mikrotikadmin.model.PeriodoFaturamentoTest" name="testaSeCalculaPeriodoCompletaUmMes[19]" time="0"/>
  <testcase classname="br.com.ricardotulio.mikrotikadmin.model.PeriodoFaturamentoTest" name="testaSeCalculaIntervaloEntrePeriodoFaturamento[19]" time="0"/>
  <testcase classname="br.com.ricardotulio.mikrotikadmin.model.PeriodoFaturamentoTest" name="testaSeCriaPeriodoFaturamentoComIntervaloEmDias[19]" time="0"/>
  <testcase classname="br.com.ricardotulio.mikrotikadmin.model.PeriodoFaturamentoTest" name="testaSeCalculaPeriodoCompletaUmMes[20]" time="0"/>
  <testcase classname="br.com.ricardotulio.mikrotikadmin.model.PeriodoFaturamentoTest" name="testaSeCalculaIntervaloEntrePeriodoFaturamento[20]" time="0"/>
  <testcase classname="br.com.ricardotulio.mikrotikadmin.model.PeriodoFaturamentoTest" name="testaSeCriaPeriodoFaturamentoComIntervaloEmDias[20]" time="0"/>
  <testcase classname="br.com.ricardotulio.mikrotikadmin.model.PeriodoFaturamentoTest" name="testaSeCalculaPeriodoCompletaUmMes[21]" time="0"/>
  <testcase classname="br.com.ricardotulio.mikrotikadmin.model.PeriodoFaturamentoTest" name="testaSeCalculaIntervaloEntrePeriodoFaturamento[21]" time="0.001"/>
  <testcase classname="br.com.ricardotulio.mikrotikadmin.model.PeriodoFaturamentoTest" name="testaSeCriaPeriodoFaturamentoComIntervaloEmDias[21]" time="0"/>
  <testcase classname="br.com.ricardotulio.mikrotikadmin.model.PeriodoFaturamentoTest" name="testaSeCalculaPeriodoCompletaUmMes[22]" time="0"/>
  <testcase classname="br.com.ricardotulio.mikrotikadmin.model.PeriodoFaturamentoTest" name="testaSeCalculaIntervaloEntrePeriodoFaturamento[22]" time="0"/>
  <testcase classname="br.com.ricardotulio.mikrotikadmin.model.PeriodoFaturamentoTest" name="testaSeCriaPeriodoFaturamentoComIntervaloEmDias[22]" time="0"/>
  <testcase classname="br.com.ricardotulio.mikrotikadmin.model.PeriodoFaturamentoTest" name="testaSeCalculaPeriodoCompletaUmMes[23]" time="0"/>
  <testcase classname="br.com.ricardotulio.mikrotikadmin.model.PeriodoFaturamentoTest" name="testaSeCalculaIntervaloEntrePeriodoFaturamento[23]" time="0"/>
  <testcase classname="br.com.ricardotulio.mikrotikadmin.model.PeriodoFaturamentoTest" name="testaSeCriaPeriodoFaturamentoComIntervaloEmDias[23]" time="0"/>
  <testcase classname="br.com.ricardotulio.mikrotikadmin.model.PeriodoFaturamentoTest" name="testaSeCalculaPeriodoCompletaUmMes[24]" time="0.001"/>
  <testcase classname="br.com.ricardotulio.mikrotikadmin.model.PeriodoFaturamentoTest" name="testaSeCalculaIntervaloEntrePeriodoFaturamento[24]" time="0"/>
  <testcase classname="br.com.ricardotulio.mikrotikadmin.model.PeriodoFaturamentoTest" name="testaSeCriaPeriodoFaturamentoComIntervaloEmDias[24]" time="0"/>
  <testcase classname="br.com.ricardotulio.mikrotikadmin.model.PeriodoFaturamentoTest" name="testaSeCalculaPeriodoCompletaUmMes[25]" time="0"/>
  <testcase classname="br.com.ricardotulio.mikrotikadmin.model.PeriodoFaturamentoTest" name="testaSeCalculaIntervaloEntrePeriodoFaturamento[25]" time="0"/>
  <testcase classname="br.com.ricardotulio.mikrotikadmin.model.PeriodoFaturamentoTest" name="testaSeCriaPeriodoFaturamentoComIntervaloEmDias[25]" time="0"/>
  <testcase classname="br.com.ricardotulio.mikrotikadmin.model.PeriodoFaturamentoTest" name="testaSeCalculaPeriodoCompletaUmMes[26]" time="0"/>
  <testcase classname="br.com.ricardotulio.mikrotikadmin.model.PeriodoFaturamentoTest" name="testaSeCalculaIntervaloEntrePeriodoFaturamento[26]" time="0"/>
  <testcase classname="br.com.ricardotulio.mikrotikadmin.model.PeriodoFaturamentoTest" name="testaSeCriaPeriodoFaturamentoComIntervaloEmDias[26]" time="0"/>
  <testcase classname="br.com.ricardotulio.mikrotikadmin.model.PeriodoFaturamentoTest" name="testaSeCalculaPeriodoCompletaUmMes[27]" time="0"/>
  <testcase classname="br.com.ricardotulio.mikrotikadmin.model.PeriodoFaturamentoTest" name="testaSeCalculaIntervaloEntrePeriodoFaturamento[27]" time="0"/>
  <testcase classname="br.com.ricardotulio.mikrotikadmin.model.PeriodoFaturamentoTest" name="testaSeCriaPeriodoFaturamentoComIntervaloEmDias[27]" time="0"/>
  <testcase classname="br.com.ricardotulio.mikrotikadmin.model.PeriodoFaturamentoTest" name="testaSeCalculaPeriodoCompletaUmMes[28]" time="0"/>
  <testcase classname="br.com.ricardotulio.mikrotikadmin.model.PeriodoFaturamentoTest" name="testaSeCalculaIntervaloEntrePeriodoFaturamento[28]" time="0"/>
  <testcase classname="br.com.ricardotulio.mikrotikadmin.model.PeriodoFaturamentoTest" name="testaSeCriaPeriodoFaturamentoComIntervaloEmDias[28]" time="0"/>
  <testcase classname="br.com.ricardotulio.mikrotikadmin.model.PeriodoFaturamentoTest" name="testaSeCalculaPeriodoCompletaUmMes[29]" time="0"/>
  <testcase classname="br.com.ricardotulio.mikrotikadmin.model.PeriodoFaturamentoTest" name="testaSeCalculaIntervaloEntrePeriodoFaturamento[29]" time="0"/>
  <testcase classname="br.com.ricardotulio.mikrotikadmin.model.PeriodoFaturamentoTest" name="testaSeCriaPeriodoFaturamentoComIntervaloEmDias[29]" time="0"/>
  <testcase classname="br.com.ricardotulio.mikrotikadmin.model.PeriodoFaturamentoTest" name="testaSeCalculaPeriodoCompletaUmMes[30]" time="0"/>
  <testcase classname="br.com.ricardotulio.mikrotikadmin.model.PeriodoFaturamentoTest" name="testaSeCalculaIntervaloEntrePeriodoFaturamento[30]" time="0"/>
  <testcase classname="br.com.ricardotulio.mikrotikadmin.model.PeriodoFaturamentoTest" name="testaSeCriaPeriodoFaturamentoComIntervaloEmDias[30]" time="0"/>
  <testcase classname="br.com.ricardotulio.mikrotikadmin.model.PeriodoFaturamentoTest" name="testaSeCalculaPeriodoCompletaUmMes[31]" time="0"/>
  <testcase classname="br.com.ricardotulio.mikrotikadmin.model.PeriodoFaturamentoTest" name="testaSeCalculaIntervaloEntrePeriodoFaturamento[31]" time="0"/>
  <testcase classname="br.com.ricardotulio.mikrotikadmin.model.PeriodoFaturamentoTest" name="testaSeCriaPeriodoFaturamentoComIntervaloEmDias[31]" time="0"/>
  <testcase classname="br.com.ricardotulio.mikrotikadmin.model.PeriodoFaturamentoTest" name="testaSeCalculaPeriodoCompletaUmMes[32]" time="0"/>
  <testcase classname="br.com.ricardotulio.mikrotikadmin.model.PeriodoFaturamentoTest" name="testaSeCalculaIntervaloEntrePeriodoFaturamento[32]" time="0"/>
  <testcase classname="br.com.ricardotulio.mikrotikadmin.model.PeriodoFaturamentoTest" name="testaSeCriaPeriodoFaturamentoComIntervaloEmDias[32]" time="0"/>
  <testcase classname="br.com.ricardotulio.mikrotikadmin.model.PeriodoFaturamentoTest" name="testaSeCalculaPeriodoCompletaUmMes[33]" time="0"/>
  <testcase classname="br.com.ricardotulio.mikrotikadmin.model.PeriodoFaturamentoTest" name="testaSeCalculaIntervaloEntrePeriodoFaturamento[33]" time="0"/>
  <testcase classname="br.com.ricardotulio.mikrotikadmin.model.PeriodoFaturamentoTest" name="testaSeCriaPeriodoFaturamentoComIntervaloEmDias[33]" time="0"/>
  <testcase classname="br.com.ricardotulio.mikrotikadmin.model.PeriodoFaturamentoTest" name="testaSeCalculaPeriodoCompletaUmMes[34]" time="0"/>
  <testcase classname="br.com.ricardotulio.mikrotikadmin.model.PeriodoFaturamentoTest" name="testaSeCalculaIntervaloEntrePeriodoFaturamento[34]" time="0"/>
  <testcase classname="br.com.ricardotulio.mikrotikadmin.model.PeriodoFaturamentoTest" name="testaSeCriaPeriodoFaturamentoComIntervaloEmDias[34]" time="0"/>
  <testcase classname="br.com.ricardotulio.mikrotikadmin.model.PeriodoFaturamentoTest" name="testaSeCalculaPeriodoCompletaUmMes[35]" time="0"/>
  <testcase classname="br.com.ricardotulio.mikrotikadmin.model.PeriodoFaturamentoTest" name="testaSeCalculaIntervaloEntrePeriodoFaturamento[35]" time="0.001"/>
  <testcase classname="br.com.ricardotulio.mikrotikadmin.model.PeriodoFaturamentoTest" name="testaSeCriaPeriodoFaturamentoComIntervaloEmDias[35]" time="0"/>
  <testcase classname="br.com.ricardotulio.mikrotikadmin.model.PeriodoFaturamentoTest" name="testaSeCalculaPeriodoCompletaUmMes[36]" time="0"/>
  <testcase classname="br.com.ricardotulio.mikrotikadmin.model.PeriodoFaturamentoTest" name="testaSeCalculaIntervaloEntrePeriodoFaturamento[36]" time="0"/>
  <testcase classname="br.com.ricardotulio.mikrotikadmin.model.PeriodoFaturamentoTest" name="testaSeCriaPeriodoFaturamentoComIntervaloEmDias[36]" time="0"/>
  <testcase classname="br.com.ricardotulio.mikrotikadmin.model.PeriodoFaturamentoTest" name="testaSeCalculaPeriodoCompletaUmMes[37]" time="0"/>
  <testcase classname="br.com.ricardotulio.mikrotikadmin.model.PeriodoFaturamentoTest" name="testaSeCalculaIntervaloEntrePeriodoFaturamento[37]" time="0"/>
  <testcase classname="br.com.ricardotulio.mikrotikadmin.model.PeriodoFaturamentoTest" name="testaSeCriaPeriodoFaturamentoComIntervaloEmDias[37]" time="0"/>
  <testcase classname="br.com.ricardotulio.mikrotikadmin.model.PeriodoFaturamentoTest" name="testaSeCalculaPeriodoCompletaUmMes[38]" time="0.001"/>
  <testcase classname="br.com.ricardotulio.mikrotikadmin.model.PeriodoFaturamentoTest" name="testaSeCalculaIntervaloEntrePeriodoFaturamento[38]" time="0"/>
  <testcase classname="br.com.ricardotulio.mikrotikadmin.model.PeriodoFaturamentoTest" name="testaSeCriaPeriodoFaturamentoComIntervaloEmDias[38]" time="0"/>
  <testcase classname="br.com.ricardotulio.mikrotikadmin.model.PeriodoFaturamentoTest" name="testaSeCalculaPeriodoCompletaUmMes[39]" time="0"/>
  <testcase classname="br.com.ricardotulio.mikrotikadmin.model.PeriodoFaturamentoTest" name="testaSeCalculaIntervaloEntrePeriodoFaturamento[39]" time="0"/>
  <testcase classname="br.com.ricardotulio.mikrotikadmin.model.PeriodoFaturamentoTest" name="testaSeCriaPeriodoFaturamentoComIntervaloEmDias[39]" time="0"/>
  <testcase classname="br.com.ricardotulio.mikrotikadmin.model.PeriodoFaturamentoTest" name="testaSeCalculaPeriodoCompletaUmMes[40]" time="0"/>
  <testcase classname="br.com.ricardotulio.mikrotikadmin.model.PeriodoFaturamentoTest" name="testaSeCalculaIntervaloEntrePeriodoFaturamento[40]" time="0"/>
  <testcase classname="br.com.ricardotulio.mikrotikadmin.model.PeriodoFaturamentoTest" name="testaSeCriaPeriodoFaturamentoComIntervaloEmDias[40]" time="0"/>
  <testcase classname="br.com.ricardotulio.mikrotikadmin.model.PeriodoFaturamentoTest" name="testaSeCalculaPeriodoCompletaUmMes[41]" time="0"/>
  <testcase classname="br.com.ricardotulio.mikrotikadmin.model.PeriodoFaturamentoTest" name="testaSeCalculaIntervaloEntrePeriodoFaturamento[41]" time="0"/>
  <testcase classname="br.com.ricardotulio.mikrotikadmin.model.PeriodoFaturamentoTest" name="testaSeCriaPeriodoFaturamentoComIntervaloEmDias[41]" time="0"/>
  <testcase classname="br.com.ricardotulio.mikrotikadmin.model.PeriodoFaturamentoTest" name="testaSeCalculaPeriodoCompletaUmMes[42]" time="0"/>
  <testcase classname="br.com.ricardotulio.mikrotikadmin.model.PeriodoFaturamentoTest" name="testaSeCalculaIntervaloEntrePeriodoFaturamento[42]" time="0"/>
  <testcase classname="br.com.ricardotulio.mikrotikadmin.model.PeriodoFaturamentoTest" name="testaSeCriaPeriodoFaturamentoComIntervaloEmDias[42]" time="0"/>
  <testcase classname="br.com.ricardotulio.mikrotikadmin.model.PeriodoFaturamentoTest" name="testaSeCalculaPeriodoCompletaUmMes[43]" time="0"/>
  <testcase classname="br.com.ricardotulio.mikrotikadmin.model.PeriodoFaturamentoTest" name="testaSeCalculaIntervaloEntrePeriodoFaturamento[43]" time="0"/>
  <testcase classname="br.com.ricardotulio.mikrotikadmin.model.PeriodoFaturamentoTest" name="testaSeCriaPeriodoFaturamentoComIntervaloEmDias[43]" time="0"/>
  <testcase classname="br.com.ricardotulio.mikrotikadmin.model.PeriodoFaturamentoTest" name="testaSeCalculaPeriodoCompletaUmMes[44]" time="0"/>
  <testcase classname="br.com.ricardotulio.mikrotikadmin.model.PeriodoFaturamentoTest" name="testaSeCalculaIntervaloEntrePeriodoFaturamento[44]" time="0"/>
  <testcase classname="br.com.ricardotulio.mikrotikadmin.model.PeriodoFaturamentoTest" name="testaSeCriaPeriodoFaturamentoComIntervaloEmDias[44]" time="0"/>
  <testcase classname="br.com.ricardotulio.mikrotikadmin.model.PeriodoFaturamentoTest" name="testaSeCalculaPeriodoCompletaUmMes[45]" time="0"/>
  <testcase classname="br.com.ricardotulio.mikrotikadmin.model.PeriodoFaturamentoTest" name="testaSeCalculaIntervaloEntrePeriodoFaturamento[45]" time="0"/>
  <testcase classname="br.com.ricardotulio.mikrotikadmin.model.PeriodoFaturamentoTest" name="testaSeCriaPeriodoFaturamentoComIntervaloEmDias[45]" time="0"/>
  <testcase classname="br.com.ricardotulio.mikrotikadmin.model.PeriodoFaturamentoTest" name="testaSeCalculaPeriodoCompletaUmMes[46]" time="0"/>
  <testcase classname="br.com.ricardotulio.mikrotikadmin.model.PeriodoFaturamentoTest" name="testaSeCalculaIntervaloEntrePeriodoFaturamento[46]" time="0"/>
  <testcase classname="br.com.ricardotulio.mikrotikadmin.model.PeriodoFaturamentoTest" name="testaSeCriaPeriodoFaturamentoComIntervaloEmDias[46]" time="0"/>
  <testcase classname="br.com.ricardotulio.mikrotikadmin.model.PeriodoFaturamentoTest" name="testaSeCalculaPeriodoCompletaUmMes[47]" time="0"/>
  <testcase classname="br.com.ricardotulio.mikrotikadmin.model.PeriodoFaturamentoTest" name="testaSeCalculaIntervaloEntrePeriodoFaturamento[47]" time="0"/>
  <testcase classname="br.com.ricardotulio.mikrotikadmin.model.PeriodoFaturamentoTest" name="testaSeCriaPeriodoFaturamentoComIntervaloEmDias[47]" time="0"/>
  <testcase classname="br.com.ricardotulio.mikrotikadmin.model.PeriodoFaturamentoTest" name="testaSeCalculaPeriodoCompletaUmMes[48]" time="0"/>
  <testcase classname="br.com.ricardotulio.mikrotikadmin.model.PeriodoFaturamentoTest" name="testaSeCalculaIntervaloEntrePeriodoFaturamento[48]" time="0"/>
  <testcase classname="br.com.ricardotulio.mikrotikadmin.model.PeriodoFaturamentoTest" name="testaSeCriaPeriodoFaturamentoComIntervaloEmDias[48]" time="0"/>
  <testcase classname="br.com.ricardotulio.mikrotikadmin.model.PeriodoFaturamentoTest" name="testaSeCalculaPeriodoCompletaUmMes[49]" time="0"/>
  <testcase classname="br.com.ricardotulio.mikrotikadmin.model.PeriodoFaturamentoTest" name="testaSeCalculaIntervaloEntrePeriodoFaturamento[49]" time="0.001"/>
  <testcase classname="br.com.ricardotulio.mikrotikadmin.model.PeriodoFaturamentoTest" name="testaSeCriaPeriodoFaturamentoComIntervaloEmDias[49]" time="0"/>
  <testcase classname="br.com.ricardotulio.mikrotikadmin.model.PeriodoFaturamentoTest" name="testaSeCalculaPeriodoCompletaUmMes[50]" time="0"/>
  <testcase classname="br.com.ricardotulio.mikrotikadmin.model.PeriodoFaturamentoTest" name="testaSeCalculaIntervaloEntrePeriodoFaturamento[50]" time="0"/>
  <testcase classname="br.com.ricardotulio.mikrotikadmin.model.PeriodoFaturamentoTest" name="testaSeCriaPeriodoFaturamentoComIntervaloEmDias[50]" time="0"/>
  <testcase classname="br.com.ricardotulio.mikrotikadmin.model.PeriodoFaturamentoTest" name="testaSeCalculaPeriodoCompletaUmMes[51]" time="0"/>
  <testcase classname="br.com.ricardotulio.mikrotikadmin.model.PeriodoFaturamentoTest" name="testaSeCalculaIntervaloEntrePeriodoFaturamento[51]" time="0"/>
  <testcase classname="br.com.ricardotulio.mikrotikadmin.model.PeriodoFaturamentoTest" name="testaSeCriaPeriodoFaturamentoComIntervaloEmDias[51]" time="0"/>
  <testcase classname="br.com.ricardotulio.mikrotikadmin.model.PeriodoFaturamentoTest" name="testaSeCalculaPeriodoCompletaUmMes[52]" time="0"/>
  <testcase classname="br.com.ricardotulio.mikrotikadmin.model.PeriodoFaturamentoTest" name="testaSeCalculaIntervaloEntrePeriodoFaturamento[52]" time="0"/>
  <testcase classname="br.com.ricardotulio.mikrotikadmin.model.PeriodoFaturamentoTest" name="testaSeCriaPeriodoFaturamentoComIntervaloEmDias[52]" time="0"/>
  <testcase classname="br.com.ricardotulio.mikrotikadmin.model.PeriodoFaturamentoTest" name="testaSeCalculaPeriodoCompletaUmMes[53]" time="0"/>
  <testcase classname="br.com.ricardotulio.mikrotikadmin.model.PeriodoFaturamentoTest" name="testaSeCalculaIntervaloEntrePeriodoFaturamento[53]" time="0"/>
  <testcase classname="br.com.ricardotulio.mikrotikadmin.model.PeriodoFaturamentoTest" name="testaSeCriaPeriodoFaturamentoComIntervaloEmDias[53]" time="0"/>
  <testcase classname="br.com.ricardotulio.mikrotikadmin.model.PeriodoFaturamentoTest" name="testaSeCalculaPeriodoCompletaUmMes[54]" time="0"/>
  <testcase classname="br.com.ricardotulio.mikrotikadmin.model.PeriodoFaturamentoTest" name="testaSeCalculaIntervaloEntrePeriodoFaturamento[54]" time="0"/>
  <testcase classname="br.com.ricardotulio.mikrotikadmin.model.PeriodoFaturamentoTest" name="testaSeCriaPeriodoFaturamentoComIntervaloEmDias[54]" time="0"/>
  <testcase classname="br.com.ricardotulio.mikrotikadmin.model.PeriodoFaturamentoTest" name="testaSeCalculaPeriodoCompletaUmMes[55]" time="0"/>
  <testcase classname="br.com.ricardotulio.mikrotikadmin.model.PeriodoFaturamentoTest" name="testaSeCalculaIntervaloEntrePeriodoFaturamento[55]" time="0"/>
  <testcase classname="br.com.ricardotulio.mikrotikadmin.model.PeriodoFaturamentoTest" name="testaSeCriaPeriodoFaturamentoComIntervaloEmDias[55]" time="0"/>
  <testcase classname="br.com.ricardotulio.mikrotikadmin.model.PeriodoFaturamentoTest" name="testaSeCalculaPeriodoCompletaUmMes[56]" time="0"/>
  <testcase classname="br.com.ricardotulio.mikrotikadmin.model.PeriodoFaturamentoTest" name="testaSeCalculaIntervaloEntrePeriodoFaturamento[56]" time="0"/>
  <testcase classname="br.com.ricardotulio.mikrotikadmin.model.PeriodoFaturamentoTest" name="testaSeCriaPeriodoFaturamentoComIntervaloEmDias[56]" time="0"/>
  <testcase classname="br.com.ricardotulio.mikrotikadmin.model.PeriodoFaturamentoTest" name="testaSeCalculaPeriodoCompletaUmMes[57]" time="0.001"/>
  <testcase classname="br.com.ricardotulio.mikrotikadmin.model.PeriodoFaturamentoTest" name="testaSeCalculaIntervaloEntrePeriodoFaturamento[57]" time="0"/>
  <testcase classname="br.com.ricardotulio.mikrotikadmin.model.PeriodoFaturamentoTest" name="testaSeCriaPeriodoFaturamentoComIntervaloEmDias[57]" time="0"/>
  <testcase classname="br.com.ricardotulio.mikrotikadmin.model.PeriodoFaturamentoTest" name="testaSeCalculaPeriodoCompletaUmMes[58]" time="0"/>
  <testcase classname="br.com.ricardotulio.mikrotikadmin.model.PeriodoFaturamentoTest" name="testaSeCalculaIntervaloEntrePeriodoFaturamento[58]" time="0"/>
  <testcase classname="br.com.ricardotulio.mikrotikadmin.model.PeriodoFaturamentoTest" name="testaSeCriaPeriodoFaturamentoComIntervaloEmDias[58]" time="0"/>
  <testcase classname="br.com.ricardotulio.mikrotikadmin.model.PeriodoFaturamentoTest" name="testaSeCalculaPeriodoCompletaUmMes[59]" time="0"/>
  <testcase classname="br.com.ricardotulio.mikrotikadmin.model.PeriodoFaturamentoTest" name="testaSeCalculaIntervaloEntrePeriodoFaturamento[59]" time="0"/>
  <testcase classname="br.com.ricardotulio.mikrotikadmin.model.PeriodoFaturamentoTest" name="testaSeCriaPeriodoFaturamentoComIntervaloEmDias[59]" time="0.001"/>
  <testcase classname="br.com.ricardotulio.mikrotikadmin.model.PeriodoFaturamentoTest" name="testaSeCalculaPeriodoCompletaUmMes[60]" time="0"/>
  <testcase classname="br.com.ricardotulio.mikrotikadmin.model.PeriodoFaturamentoTest" name="testaSeCalculaIntervaloEntrePeriodoFaturamento[60]" time="0"/>
  <testcase classname="br.com.ricardotulio.mikrotikadmin.model.PeriodoFaturamentoTest" name="testaSeCriaPeriodoFaturamentoComIntervaloEmDias[60]" time="0"/>
  <testcase classname="br.com.ricardotulio.mikrotikadmin.model.PeriodoFaturamentoTest" name="testaSeCalculaPeriodoCompletaUmMes[61]" time="0"/>
  <testcase classname="br.com.ricardotulio.mikrotikadmin.model.PeriodoFaturamentoTest" name="testaSeCalculaIntervaloEntrePeriodoFaturamento[61]" time="0"/>
  <testcase classname="br.com.ricardotulio.mikrotikadmin.model.PeriodoFaturamentoTest" name="testaSeCriaPeriodoFaturamentoComIntervaloEmDias[61]" time="0"/>
  <testcase classname="br.com.ricardotulio.mikrotikadmin.model.PeriodoFaturamentoTest" name="testaSeCalculaPeriodoCompletaUmMes[62]" time="0"/>
  <testcase classname="br.com.ricardotulio.mikrotikadmin.model.PeriodoFaturamentoTest" name="testaSeCalculaIntervaloEntrePeriodoFaturamento[62]" time="0.001"/>
  <testcase classname="br.com.ricardotulio.mikrotikadmin.model.PeriodoFaturamentoTest" name="testaSeCriaPeriodoFaturamentoComIntervaloEmDias[62]" time="0"/>
  <testcase classname="br.com.ricardotulio.mikrotikadmin.model.PeriodoFaturamentoTest" name="testaSeCalculaPeriodoCompletaUmMes[63]" time="0"/>
  <testcase classname="br.com.ricardotulio.mikrotikadmin.model.PeriodoFaturamentoTest" name="testaSeCalculaIntervaloEntrePeriodoFaturamento[63]" time="0"/>
  <testcase classname="br.com.ricardotulio.mikrotikadmin.model.PeriodoFaturamentoTest" name="testaSeCriaPeriodoFaturamentoComIntervaloEmDias[63]" time="0"/>
  <testcase classname="br.com.ricardotulio.mikrotikadmin.model.PeriodoFaturamentoTest" name="testaSeCalculaPeriodoCompletaUmMes[64]" time="0"/>
  <testcase classname="br.com.ricardotulio.mikrotikadmin.model.PeriodoFaturamentoTest" name="testaSeCalculaIntervaloEntrePeriodoFaturamento[64]" time="0"/>
  <testcase classname="br.com.ricardotulio.mikrotikadmin.model.PeriodoFaturamentoTest" name="testaSeCriaPeriodoFaturamentoComIntervaloEmDias[64]" time="0"/>
  <testcase classname="br.com.ricardotulio.mikrotikadmin.model.PeriodoFaturamentoTest" name="testaSeCalculaPeriodoCompletaUmMes[65]" time="0.001"/>
  <testcase classname="br.com.ricardotulio.mikrotikadmin.model.PeriodoFaturamentoTest" name="testaSeCalculaIntervaloEntrePeriodoFaturamento[65]" time="0"/>
  <testcase classname="br.com.ricardotulio.mikrotikadmin.model.PeriodoFaturamentoTest" name="testaSeCriaPeriodoFaturamentoComIntervaloEmDias[65]" time="0"/>
  <testcase classname="br.com.ricardotulio.mikrotikadmin.model.PeriodoFaturamentoTest" name="testaSeCalculaPeriodoCompletaUmMes[66]" time="0"/>
  <testcase classname="br.com.ricardotulio.mikrotikadmin.model.PeriodoFaturamentoTest" name="testaSeCalculaIntervaloEntrePeriodoFaturamento[66]" time="0"/>
  <testcase classname="br.com.ricardotulio.mikrotikadmin.model.PeriodoFaturamentoTest" name="testaSeCriaPeriodoFaturamentoComIntervaloEmDias[66]" time="0"/>
  <testcase classname="br.com.ricardotulio.mikrotikadmin.model.PeriodoFaturamentoTest" name="testaSeCalculaPeriodoCompletaUmMes[67]" time="0"/>
  <testcase classname="br.com.ricardotulio.mikrotikadmin.model.PeriodoFaturamentoTest" name="testaSeCalculaIntervaloEntrePeriodoFaturamento[67]" time="0"/>
  <testcase classname="br.com.ricardotulio.mikrotikadmin.model.PeriodoFaturamentoTest" name="testaSeCriaPeriodoFaturamentoComIntervaloEmDias[67]" time="0.001"/>
  <testcase classname="br.com.ricardotulio.mikrotikadmin.model.PeriodoFaturamentoTest" name="testaSeCalculaPeriodoCompletaUmMes[68]" time="0"/>
  <testcase classname="br.com.ricardotulio.mikrotikadmin.model.PeriodoFaturamentoTest" name="testaSeCalculaIntervaloEntrePeriodoFaturamento[68]" time="0"/>
  <testcase classname="br.com.ricardotulio.mikrotikadmin.model.PeriodoFaturamentoTest" name="testaSeCriaPeriodoFaturamentoComIntervaloEmDias[68]" time="0"/>
  <testcase classname="br.com.ricardotulio.mikrotikadmin.model.PeriodoFaturamentoTest" name="testaSeCalculaPeriodoCompletaUmMes[69]" time="0"/>
  <testcase classname="br.com.ricardotulio.mikrotikadmin.model.PeriodoFaturamentoTest" name="testaSeCalculaIntervaloEntrePeriodoFaturamento[69]" time="0"/>
  <testcase classname="br.com.ricardotulio.mikrotikadmin.model.PeriodoFaturamentoTest" name="testaSeCriaPeriodoFaturamentoComIntervaloEmDias[69]" time="0"/>
  <testcase classname="br.com.ricardotulio.mikrotikadmin.model.PeriodoFaturamentoTest" name="testaSeCalculaPeriodoCompletaUmMes[70]" time="0"/>
  <testcase classname="br.com.ricardotulio.mikrotikadmin.model.PeriodoFaturamentoTest" name="testaSeCalculaIntervaloEntrePeriodoFaturamento[70]" time="0"/>
  <testcase classname="br.com.ricardotulio.mikrotikadmin.model.PeriodoFaturamentoTest" name="testaSeCriaPeriodoFaturamentoComIntervaloEmDias[70]" time="0"/>
  <testcase classname="br.com.ricardotulio.mikrotikadmin.model.PeriodoFaturamentoTest" name="testaSeCalculaPeriodoCompletaUmMes[71]" time="0"/>
  <testcase classname="br.com.ricardotulio.mikrotikadmin.model.PeriodoFaturamentoTest" name="testaSeCalculaIntervaloEntrePeriodoFaturamento[71]" time="0"/>
  <testcase classname="br.com.ricardotulio.mikrotikadmin.model.PeriodoFaturamentoTest" name="testaSeCriaPeriodoFaturamentoComIntervaloEmDias[71]" time="0"/>
  <testcase classname="br.com.ricardotulio.mikrotikadmin.model.PeriodoFaturamentoTest" name="testaSeCalculaPeriodoCompletaUmMes[72]" time="0"/>
  <testcase classname="br.com.ricardotulio.mikrotikadmin.model.PeriodoFaturamentoTest" name="testaSeCalculaIntervaloEntrePeriodoFaturamento[72]" time="0"/>
  <testcase classname="br.com.ricardotulio.mikrotikadmin.model.PeriodoFaturamentoTest" name="testaSeCriaPeriodoFaturamentoComIntervaloEmDias[72]" time="0"/>
  <testcase classname="br.com.ricardotulio.mikrotikadmin.model.PeriodoFaturamentoTest" name="testaSeCalculaPeriodoCompletaUmMes[73]" time="0"/>
  <testcase classname="br.com.ricardotulio.mikrotikadmin.model.PeriodoFaturamentoTest" name="testaSeCalculaIntervaloEntrePeriodoFaturamento[73]" time="0"/>
  <testcase classname="br.com.ricardotulio.mikrotikadmin.model.PeriodoFaturamentoTest" name="testaSeCriaPeriodoFaturamentoComIntervaloEmDias[73]" time="0"/>
  <testcase classname="br.com.ricardotulio.mikrotikadmin.model.PeriodoFaturamentoTest" name="testaSeCalculaPeriodoCompletaUmMes[74]" time="0"/>
  <testcase classname="br.com.ricardotulio.mikrotikadmin.model.PeriodoFaturamentoTest" name="testaSeCalculaIntervaloEntrePeriodoFaturamento[74]" time="0"/>
  <testcase classname="br.com.ricardotulio.mikrotikadmin.model.PeriodoFaturamentoTest" name="testaSeCriaPeriodoFaturamentoComIntervaloEmDias[74]" time="0"/>
  <testcase classname="br.com.ricardotulio.mikrotikadmin.model.PeriodoFaturamentoTest" name="testaSeCalculaPeriodoCompletaUmMes[75]" time="0.001"/>
  <testcase classname="br.com.ricardotulio.mikrotikadmin.model.PeriodoFaturamentoTest" name="testaSeCalculaIntervaloEntrePeriodoFaturamento[75]" time="0"/>
  <testcase classname="br.com.ricardotulio.mikrotikadmin.model.PeriodoFaturamentoTest" name="testaSeCriaPeriodoFaturamentoComIntervaloEmDias[75]" time="0"/>
  <testcase classname="br.com.ricardotulio.mikrotikadmin.model.PeriodoFaturamentoTest" name="testaSeCalculaPeriodoCompletaUmMes[76]" time="0"/>
  <testcase classname="br.com.ricardotulio.mikrotikadmin.model.PeriodoFaturamentoTest" name="testaSeCalculaIntervaloEntrePeriodoFaturamento[76]" time="0"/>
  <testcase classname="br.com.ricardotulio.mikrotikadmin.model.PeriodoFaturamentoTest" name="testaSeCriaPeriodoFaturamentoComIntervaloEmDias[76]" time="0"/>
  <testcase classname="br.com.ricardotulio.mikrotikadmin.model.PeriodoFaturamentoTest" name="testaSeCalculaPeriodoCompletaUmMes[77]" time="0"/>
  <testcase classname="br.com.ricardotulio.mikrotikadmin.model.PeriodoFaturamentoTest" name="testaSeCalculaIntervaloEntrePeriodoFaturamento[77]" time="0"/>
  <testcase classname="br.com.ricardotulio.mikrotikadmin.model.PeriodoFaturamentoTest" name="testaSeCriaPeriodoFaturamentoComIntervaloEmDias[77]" time="0"/>
  <testcase classname="br.com.ricardotulio.mikrotikadmin.model.PeriodoFaturamentoTest" name="testaSeCalculaPeriodoCompletaUmMes[78]" time="0"/>
  <testcase classname="br.com.ricardotulio.mikrotikadmin.model.PeriodoFaturamentoTest" name="testaSeCalculaIntervaloEntrePeriodoFaturamento[78]" time="0"/>
  <testcase classname="br.com.ricardotulio.mikrotikadmin.model.PeriodoFaturamentoTest" name="testaSeCriaPeriodoFaturamentoComIntervaloEmDias[78]" time="0"/>
  <testcase classname="br.com.ricardotulio.mikrotikadmin.model.PeriodoFaturamentoTest" name="testaSeCalculaPeriodoCompletaUmMes[79]" time="0"/>
  <testcase classname="br.com.ricardotulio.mikrotikadmin.model.PeriodoFaturamentoTest" name="testaSeCalculaIntervaloEntrePeriodoFaturamento[79]" time="0"/>
  <testcase classname="br.com.ricardotulio.mikrotikadmin.model.PeriodoFaturamentoTest" name="testaSeCriaPeriodoFaturamentoComIntervaloEmDias[79]" time="0"/>
  <testcase classname="br.com.ricardotulio.mikrotikadmin.model.PeriodoFaturamentoTest" name="testaSeCalculaPeriodoCompletaUmMes[80]" time="0"/>
  <testcase classname="br.com.ricardotulio.mikrotikadmin.model.PeriodoFaturamentoTest" name="testaSeCalculaIntervaloEntrePeriodoFaturamento[80]" time="0"/>
  <testcase classname="br.com.ricardotulio.mikrotikadmin.model.PeriodoFaturamentoTest" name="testaSeCriaPeriodoFaturamentoComIntervaloEmDias[80]" time="0"/>
  <testcase classname="br.com.ricardotulio.mikrotikadmin.model.PeriodoFaturamentoTest" name="testaSeCalculaPeriodoCompletaUmMes[81]" time="0"/>
  <testcase classname="br.com.ricardotulio.mikrotikadmin.model.PeriodoFaturamentoTest" name="testaSeCalculaIntervaloEntrePeriodoFaturamento[81]" time="0"/>
  <testcase classname="br.com.ricardotulio.mikrotikadmin.model.PeriodoFaturamentoTest" name="testaSeCriaPeriodoFaturamentoComIntervaloEmDias[81]" time="0"/>
  <testcase classname="br.com.ricardotulio.mikrotikadmin.model.PeriodoFaturamentoTest" name="testaSeCalculaPeriodoCompletaUmMes[82]" time="0"/>
  <testcase classname="br.com.ricardotulio.mikrotikadmin.model.PeriodoFaturamentoTest" name="testaSeCalculaIntervaloEntrePeriodoFaturamento[82]" time="0"/>
  <testcase classname="br.com.ricardotulio.mikrotikadmin.model.PeriodoFaturamentoTest" name="testaSeCriaPeriodoFaturamentoComIntervaloEmDias[82]" time="0"/>
  <testcase classname="br.com.ricardotulio.mikrotikadmin.model.PeriodoFaturamentoTest" name="testaSeCalculaPeriodoCompletaUmMes[83]" time="0"/>
  <testcase classname="br.com.ricardotulio.mikrotikadmin.model.PeriodoFaturamentoTest" name="testaSeCalculaIntervaloEntrePeriodoFaturamento[83]" time="0"/>
  <testcase classname="br.com.ricardotulio.mikrotikadmin.model.PeriodoFaturamentoTest" name="testaSeCriaPeriodoFaturamentoComIntervaloEmDias[83]" time="0"/>
  <testcase classname="br.com.ricardotulio.mikrotikadmin.model.PeriodoFaturamentoTest" name="testaSeCalculaPeriodoCompletaUmMes[84]" time="0"/>
  <testcase classname="br.com.ricardotulio.mikrotikadmin.model.PeriodoFaturamentoTest" name="testaSeCalculaIntervaloEntrePeriodoFaturamento[84]" time="0"/>
  <testcase classname="br.com.ricardotulio.mikrotikadmin.model.PeriodoFaturamentoTest" name="testaSeCriaPeriodoFaturamentoComIntervaloEmDias[84]" time="0"/>
  <testcase classname="br.com.ricardotulio.mikrotikadmin.model.PeriodoFaturamentoTest" name="testaSeCalculaPeriodoCompletaUmMes[85]" time="0"/>
  <testcase classname="br.com.ricardotulio.mikrotikadmin.model.PeriodoFaturamentoTest" name="testaSeCalculaIntervaloEntrePeriodoFaturamento[85]" time="0"/>
  <testcase classname="br.com.ricardotulio.mikrotikadmin.model.PeriodoFaturamentoTest" name="testaSeCriaPeriodoFaturamentoComIntervaloEmDias[85]" time="0"/>
  <testcase classname="br.com.ricardotulio.mikrotikadmin.model.PeriodoFaturamentoTest" name="testaSeCalculaPeriodoCompletaUmMes[86]" time="0"/>
  <testcase classname="br.com.ricardotulio.mikrotikadmin.model.PeriodoFaturamentoTest" name="testaSeCalculaIntervaloEntrePeriodoFaturamento[86]" time="0"/>
  <testcase classname="br.com.ricardotulio.mikrotikadmin.model.PeriodoFaturamentoTest" name="testaSeCriaPeriodoFaturamentoComIntervaloEmDias[86]" time="0"/>
  <testcase classname="br.com.ricardotulio.mikrotikadmin.model.PeriodoFaturamentoTest" name="testaSeCalculaPeriodoCompletaUmMes[87]" time="0"/>
  <testcase classname="br.com.ricardotulio.mikrotikadmin.model.PeriodoFaturamentoTest" name="testaSeCalculaIntervaloEntrePeriodoFaturamento[87]" time="0"/>
  <testcase classname="br.com.ricardotulio.mikrotikadmin.model.PeriodoFaturamentoTest" name="testaSeCriaPeriodoFaturamentoComIntervaloEmDias[87]" time="0"/>
  <testcase classname="br.com.ricardotulio.mikrotikadmin.model.PeriodoFaturamentoTest" name="testaSeCalculaPeriodoCompletaUmMes[88]" time="0"/>
  <testcase classname="br.com.ricardotulio.mikrotikadmin.model.PeriodoFaturamentoTest" name="testaSeCalculaIntervaloEntrePeriodoFaturamento[88]" time="0"/>
  <testcase classname="br.com.ricardotulio.mikrotikadmin.model.PeriodoFaturamentoTest" name="testaSeCriaPeriodoFaturamentoComIntervaloEmDias[88]" time="0.001"/>
  <testcase classname="br.com.ricardotulio.mikrotikadmin.model.PeriodoFaturamentoTest" name="testaSeCalculaPeriodoCompletaUmMes[89]" time="0"/>
  <testcase classname="br.com.ricardotulio.mikrotikadmin.model.PeriodoFaturamentoTest" name="testaSeCalculaIntervaloEntrePeriodoFaturamento[89]" time="0"/>
  <testcase classname="br.com.ricardotulio.mikrotikadmin.model.PeriodoFaturamentoTest" name="testaSeCriaPeriodoFaturamentoComIntervaloEmDias[89]" time="0"/>
  <testcase classname="br.com.ricardotulio.mikrotikadmin.model.PeriodoFaturamentoTest" name="testaSeCalculaPeriodoCompletaUmMes[90]" time="0"/>
  <testcase classname="br.com.ricardotulio.mikrotikadmin.model.PeriodoFaturamentoTest" name="testaSeCalculaIntervaloEntrePeriodoFaturamento[90]" time="0"/>
  <testcase classname="br.com.ricardotulio.mikrotikadmin.model.PeriodoFaturamentoTest" name="testaSeCriaPeriodoFaturamentoComIntervaloEmDias[90]" time="0"/>
  <testcase classname="br.com.ricardotulio.mikrotikadmin.model.PeriodoFaturamentoTest" name="testaSeCalculaPeriodoCompletaUmMes[91]" time="0"/>
  <testcase classname="br.com.ricardotulio.mikrotikadmin.model.PeriodoFaturamentoTest" name="testaSeCalculaIntervaloEntrePeriodoFaturamento[91]" time="0"/>
  <testcase classname="br.com.ricardotulio.mikrotikadmin.model.PeriodoFaturamentoTest" name="testaSeCriaPeriodoFaturamentoComIntervaloEmDias[91]" time="0"/>
  <testcase classname="br.com.ricardotulio.mikrotikadmin.model.PeriodoFaturamentoTest" name="testaSeCalculaPeriodoCompletaUmMes[92]" time="0"/>
  <testcase classname="br.com.ricardotulio.mikrotikadmin.model.PeriodoFaturamentoTest" name="testaSeCalculaIntervaloEntrePeriodoFaturamento[92]" time="0"/>
  <testcase classname="br.com.ricardotulio.mikrotikadmin.model.PeriodoFaturamentoTest" name="testaSeCriaPeriodoFaturamentoComIntervaloEmDias[92]" time="0"/>
  <testcase classname="br.com.ricardotulio.mikrotikadmin.model.PeriodoFaturamentoTest" name="testaSeCalculaPeriodoCompletaUmMes[93]" time="0"/>
  <testcase classname="br.com.ricardotulio.mikrotikadmin.model.PeriodoFaturamentoTest" name="testaSeCalculaIntervaloEntrePeriodoFaturamento[93]" time="0.001"/>
  <testcase classname="br.com.ricardotulio.mikrotikadmin.model.PeriodoFaturamentoTest" name="testaSeCriaPeriodoFaturamentoComIntervaloEmDias[93]" time="0"/>
  <testcase classname="br.com.ricardotulio.mikrotikadmin.model.PeriodoFaturamentoTest" name="testaSeCalculaPeriodoCompletaUmMes[94]" time="0"/>
  <testcase classname="br.com.ricardotulio.mikrotikadmin.model.PeriodoFaturamentoTest" name="testaSeCalculaIntervaloEntrePeriodoFaturamento[94]" time="0"/>
  <testcase classname="br.com.ricardotulio.mikrotikadmin.model.PeriodoFaturamentoTest" name="testaSeCriaPeriodoFaturamentoComIntervaloEmDias[94]" time="0"/>
  <testcase classname="br.com.ricardotulio.mikrotikadmin.model.PeriodoFaturamentoTest" name="testaSeCalculaPeriodoCompletaUmMes[95]" time="0"/>
  <testcase classname="br.com.ricardotulio.mikrotikadmin.model.PeriodoFaturamentoTest" name="testaSeCalculaIntervaloEntrePeriodoFaturamento[95]" time="0"/>
  <testcase classname="br.com.ricardotulio.mikrotikadmin.model.PeriodoFaturamentoTest" name="testaSeCriaPeriodoFaturamentoComIntervaloEmDias[95]" time="0"/>
  <testcase classname="br.com.ricardotulio.mikrotikadmin.model.PeriodoFaturamentoTest" name="testaSeCalculaPeriodoCompletaUmMes[96]" time="0"/>
  <testcase classname="br.com.ricardotulio.mikrotikadmin.model.PeriodoFaturamentoTest" name="testaSeCalculaIntervaloEntrePeriodoFaturamento[96]" time="0"/>
  <testcase classname="br.com.ricardotulio.mikrotikadmin.model.PeriodoFaturamentoTest" name="testaSeCriaPeriodoFaturamentoComIntervaloEmDias[96]" time="0"/>
  <testcase classname="br.com.ricardotulio.mikrotikadmin.model.PeriodoFaturamentoTest" name="testaSeCalculaPeriodoCompletaUmMes[97]" time="0"/>
  <testcase classname="br.com.ricardotulio.mikrotikadmin.model.PeriodoFaturamentoTest" name="testaSeCalculaIntervaloEntrePeriodoFaturamento[97]" time="0"/>
  <testcase classname="br.com.ricardotulio.mikrotikadmin.model.PeriodoFaturamentoTest" name="testaSeCriaPeriodoFaturamentoComIntervaloEmDias[97]" time="0"/>
  <testcase classname="br.com.ricardotulio.mikrotikadmin.model.PeriodoFaturamentoTest" name="testaSeCalculaPeriodoCompletaUmMes[98]" time="0"/>
  <testcase classname="br.com.ricardotulio.mikrotikadmin.model.PeriodoFaturamentoTest" name="testaSeCalculaIntervaloEntrePeriodoFaturamento[98]" time="0"/>
  <testcase classname="br.com.ricardotulio.mikrotikadmin.model.PeriodoFaturamentoTest" name="testaSeCriaPeriodoFaturamentoComIntervaloEmDias[98]" time="0"/>
  <testcase classname="br.com.ricardotulio.mikrotikadmin.model.PeriodoFaturamentoTest" name="testaSeCalculaPeriodoCompletaUmMes[99]" time="0"/>
  <testcase classname="br.com.ricardotulio.mikrotikadmin.model.PeriodoFaturamentoTest" name="testaSeCalculaIntervaloEntrePeriodoFaturamento[99]" time="0"/>
  <testcase classname="br.com.ricardotulio.mikrotikadmin.model.PeriodoFaturamentoTest" name="testaSeCriaPeriodoFaturamentoComIntervaloEmDias[99]" time="0"/>
  <testcase classname="br.com.ricardotulio.mikrotikadmin.model.DataVencimentoTest" name="testaSeCalculaDataVencimento[0]" time="0"/>
  <testcase classname="br.com.ricardotulio.mikrotikadmin.model.DataVencimentoTest" name="testaSeCalculaDataVencimento[1]" time="0"/>
  <testcase classname="br.com.ricardotulio.mikrotikadmin.model.DataVencimentoTest" name="testaSeCalculaDataVencimento[2]" time="0"/>
  <testcase classname="br.com.ricardotulio.mikrotikadmin.model.DataVencimentoTest" name="testaSeCalculaDataVencimento[3]" time="0"/>
  <testcase classname="br.com.ricardotulio.mikrotikadmin.model.DataVencimentoTest" name="testaSeCalculaDataVencimento[4]" time="0"/>
  <testcase classname="br.com.ricardotulio.mikrotikadmin.model.DataVencimentoTest" name="testaSeCalculaDataVencimento[5]" time="0"/>
  <testcase classname="br.com.ricardotulio.mikrotikadmin.model.DataVencimentoTest" name="testaSeCalculaDataVencimento[6]" time="0"/>
  <testcase classname="br.com.ricardotulio.mikrotikadmin.model.DataVencimentoTest" name="testaSeCalculaDataVencimento[7]" time="0"/>
  <testcase classname="br.com.ricardotulio.mikrotikadmin.model.DataVencimentoTest" name="testaSeCalculaDataVencimento[8]" time="0"/>
  <testcase classname="br.com.ricardotulio.mikrotikadmin.model.DataVencimentoTest" name="testaSeCalculaDataVencimento[9]" time="0"/>
  <testcase classname="br.com.ricardotulio.mikrotikadmin.model.DataVencimentoTest" name="testaSeCalculaDataVencimento[10]" time="0"/>
  <testcase classname="br.com.ricardotulio.mikrotikadmin.model.DataVencimentoTest" name="testaSeCalculaDataVencimento[11]" time="0"/>
  <testcase classname="br.com.ricardotulio.mikrotikadmin.model.DataVencimentoTest" name="testaSeCalculaDataVencimento[12]" time="0"/>
  <testcase classname="br.com.ricardotulio.mikrotikadmin.model.DataVencimentoTest" name="testaSeCalculaDataVencimento[13]" time="0"/>
  <testcase classname="br.com.ricardotulio.mikrotikadmin.model.DataVencimentoTest" name="testaSeCalculaDataVencimento[14]" time="0"/>
  <testcase classname="br.com.ricardotulio.mikrotikadmin.model.DataVencimentoTest" name="testaSeCalculaDataVencimento[15]" time="0"/>
  <testcase classname="br.com.ricardotulio.mikrotikadmin.model.DataVencimentoTest" name="testaSeCalculaDataVencimento[16]" time="0"/>
  <testcase classname="br.com.ricardotulio.mikrotikadmin.model.DataVencimentoTest" name="testaSeCalculaDataVencimento[17]" time="0"/>
  <testcase classname="br.com.ricardotulio.mikrotikadmin.model.DataVencimentoTest" name="testaSeCalculaDataVencimento[18]" time="0"/>
  <testcase classname="br.com.ricardotulio.mikrotikadmin.model.DataVencimentoTest" name="testaSeCalculaDataVencimento[19]" time="0.001"/>
  <testcase classname="br.com.ricardotulio.mikrotikadmin.model.DataVencimentoTest" name="testaSeCalculaDataVencimento[20]" time="0"/>
  <testcase classname="br.com.ricardotulio.mikrotikadmin.model.DataVencimentoTest" name="testaSeCalculaDataVencimento[21]" time="0"/>
  <testcase classname="br.com.ricardotulio.mikrotikadmin.model.DataVencimentoTest" name="testaSeCalculaDataVencimento[22]" time="0"/>
  <testcase classname="br.com.ricardotulio.mikrotikadmin.model.DataVencimentoTest" name="testaSeCalculaDataVencimento[23]" time="0"/>
  <testcase classname="br.com.ricardotulio.mikrotikadmin.model.DataVencimentoTest" name="testaSeCalculaDataVencimento[24]" time="0"/>
  <testcase classname="br.com.ricardotulio.mikrotikadmin.model.DataVencimentoTest" name="testaSeCalculaDataVencimento[25]" time="0"/>
  <testcase classname="br.com.ricardotulio.mikrotikadmin.model.DataVencimentoTest" name="testaSeCalculaDataVencimento[26]" time="0"/>
  <testcase classname="br.com.ricardotulio.mikrotikadmin.model.DataVencimentoTest" name="testaSeCalculaDataVencimento[27]" time="0"/>
  <testcase classname="br.com.ricardotulio.mikrotikadmin.model.DataVencimentoTest" name="testaSeCalculaDataVencimento[28]" time="0"/>
  <testcase classname="br.com.ricardotulio.mikrotikadmin.model.DataVencimentoTest" name="testaSeCalculaDataVencimento[29]" time="0"/>
  <testcase classname="br.com.ricardotulio.mikrotikadmin.model.FaturaTest" name="testaSeDeveLancarFaturaSeValorAbaixoDoMinimo[0]" time="0"/>
  <testcase classname="br.com.ricardotulio.mikrotikadmin.model.FaturaTest" name="testaSeCalculaFatura[0]" time="0.001"/>
  <testcase classname="br.com.ricardotulio.mikrotikadmin.model.FaturaTest" name="testaSeDeveLancarFaturaSeValorAbaixoDoMinimo[1]" time="0"/>
  <testcase classname="br.com.ricardotulio.mikrotikadmin.model.FaturaTest" name="testaSeCalculaFatura[1]" time="0"/>
  <testcase classname="br.com.ricardotulio.mikrotikadmin.model.FaturaTest" name="testaSeDeveLancarFaturaSeValorAbaixoDoMinimo[2]" time="0"/>
  <testcase classname="br.com.ricardotulio.mikrotikadmin.model.FaturaTest" name="testaSeCalculaFatura[2]" time="0"/>
  <testcase classname="br.com.ricardotulio.mikrotikadmin.model.FaturaTest" name="testaSeDeveLancarFaturaSeValorAbaixoDoMinimo[3]" time="0"/>
  <testcase classname="br.com.ricardotulio.mikrotikadmin.model.FaturaTest" name="testaSeCalculaFatura[3]" time="0"/>
  <testcase classname="br.com.ricardotulio.mikrotikadmin.model.FaturaTest" name="testaSeDeveLancarFaturaSeValorAbaixoDoMinimo[4]" time="0"/>
  <testcase classname="br.com.ricardotulio.mikrotikadmin.model.FaturaTest" name="testaSeCalculaFatura[4]" time="0"/>
  <testcase classname="br.com.ricardotulio.mikrotikadmin.model.FaturaTest" name="testaSeDeveLancarFaturaSeValorAbaixoDoMinimo[5]" time="0.001"/>
  <testcase classname="br.com.ricardotulio.mikrotikadmin.model.FaturaTest" name="testaSeCalculaFatura[5]" time="0"/>
  <testcase classname="br.com.ricardotulio.mikrotikadmin.model.FaturaTest" name="testaSeDeveLancarFaturaSeValorAbaixoDoMinimo[6]" time="0"/>
  <testcase classname="br.com.ricardotulio.mikrotikadmin.model.FaturaTest" name="testaSeCalculaFatura[6]" time="0"/>
  <testcase classname="br.com.ricardotulio.mikrotikadmin.model.FaturaTest" name="testaSeDeveLancarFaturaSeValorAbaixoDoMinimo[7]" time="0"/>
  <testcase classname="br.com.ricardotulio.mikrotikadmin.model.FaturaTest" name="testaSeCalculaFatura[7]" time="0"/>
  <testcase classname="br.com.ricardotulio.mikrotikadmin.model.FaturaTest" name="testaSeDeveLancarFaturaSeValorAbaixoDoMinimo[8]" time="0"/>
  <testcase classname="br.com.ricardotulio.mikrotikadmin.model.FaturaTest" name="testaSeCalculaFatura[8]" time="0"/>
  <testcase classname="br.com.ricardotulio.mikrotikadmin.model.FaturaTest" name="testaSeDeveLancarFaturaSeValorAbaixoDoMinimo[9]" time="0"/>
  <testcase classname="br.com.ricardotulio.mikrotikadmin.model.FaturaTest" name="testaSeCalculaFatura[9]" time="0"/>
  <testcase classname="br.com.ricardotulio.mikrotikadmin.model.FaturaTest" name="testaSeDeveLancarFaturaSeValorAbaixoDoMinimo[10]" time="0"/>
  <testcase classname="br.com.ricardotulio.mikrotikadmin.model.FaturaTest" name="testaSeCalculaFatura[10]" time="0"/>
  <testcase classname="br.com.ricardotulio.mikrotikadmin.model.FaturaTest" name="testaSeDeveLancarFaturaSeValorAbaixoDoMinimo[11]" time="0"/>
  <testcase classname="br.com.ricardotulio.mikrotikadmin.model.FaturaTest" name="testaSeCalculaFatura[11]" time="0"/>
  <testcase classname="br.com.ricardotulio.mikrotikadmin.model.FaturaTest" name="testaSeDeveLancarFaturaSeValorAbaixoDoMinimo[12]" time="0"/>
  <testcase classname="br.com.ricardotulio.mikrotikadmin.model.FaturaTest" name="testaSeCalculaFatura[12]" time="0"/>
  <testcase classname="br.com.ricardotulio.mikrotikadmin.model.FaturaTest" name="testaSeDeveLancarFaturaSeValorAbaixoDoMinimo[13]" time="0"/>
  <testcase classname="br.com.ricardotulio.mikrotikadmin.model.FaturaTest" name="testaSeCalculaFatura[13]" time="0"/>
  <testcase classname="br.com.ricardotulio.mikrotikadmin.model.FaturaTest" name="testaSeDeveLancarFaturaSeValorAbaixoDoMinimo[14]" time="0.001"/>
  <testcase classname="br.com.ricardotulio.mikrotikadmin.model.FaturaTest" name="testaSeCalculaFatura[14]" time="0"/>
  <testcase classname="br.com.ricardotulio.mikrotikadmin.model.FaturaTest" name="testaSeDeveLancarFaturaSeValorAbaixoDoMinimo[15]" time="0"/>
  <testcase classname="br.com.ricardotulio.mikrotikadmin.model.FaturaTest" name="testaSeCalculaFatura[15]" time="0"/>
  <testcase classname="br.com.ricardotulio.mikrotikadmin.model.FaturaTest" name="testaSeDeveLancarFaturaSeValorAbaixoDoMinimo[16]" time="0"/>
  <testcase classname="br.com.ricardotulio.mikrotikadmin.model.FaturaTest" name="testaSeCalculaFatura[16]" time="0"/>
  <testcase classname="br.com.ricardotulio.mikrotikadmin.model.FaturaTest" name="testaSeDeveLancarFaturaSeValorAbaixoDoMinimo[17]" time="0"/>
  <testcase classname="br.com.ricardotulio.mikrotikadmin.model.FaturaTest" name="testaSeCalculaFatura[17]" time="0"/>
  <testcase classname="br.com.ricardotulio.mikrotikadmin.model.FaturaTest" name="testaSeDeveLancarFaturaSeValorAbaixoDoMinimo[18]" time="0"/>
  <testcase classname="br.com.ricardotulio.mikrotikadmin.model.FaturaTest" name="testaSeCalculaFatura[18]" time="0"/>
  <testcase classname="br.com.ricardotulio.mikrotikadmin.model.FaturaTest" name="testaSeDeveLancarFaturaSeValorAbaixoDoMinimo[19]" time="0.001"/>
  <testcase classname="br.com.ricardotulio.mikrotikadmin.model.FaturaTest" name="testaSeCalculaFatura[19]" time="0"/>
  <testcase classname="br.com.ricardotulio.mikrotikadmin.model.FaturaTest" name="testaSeDeveLancarFaturaSeValorAbaixoDoMinimo[20]" time="0"/>
  <testcase classname="br.com.ricardotulio.mikrotikadmin.model.FaturaTest" name="testaSeCalculaFatura[20]" time="0"/>
  <testcase classname="br.com.ricardotulio.mikrotikadmin.model.FaturaTest" name="testaSeDeveLancarFaturaSeValorAbaixoDoMinimo[21]" time="0"/>
  <testcase classname="br.com.ricardotulio.mikrotikadmin.model.FaturaTest" name="testaSeCalculaFatura[21]" time="0"/>
  <testcase classname="br.com.ricardotulio.mikrotikadmin.model.FaturaTest" name="testaSeDeveLancarFaturaSeValorAbaixoDoMinimo[22]" time="0"/>
  <testcase classname="br.com.ricardotulio.mikrotikadmin.model.FaturaTest" name="testaSeCalculaFatura[22]" time="0"/>
  <testcase classname="br.com.ricardotulio.mikrotikadmin.model.FaturaTest" name="testaSeDeveLancarFaturaSeValorAbaixoDoMinimo[23]" time="0"/>
  <testcase classname="br.com.ricardotulio.mikrotikadmin.model.FaturaTest" name="testaSeCalculaFatura[23]" time="0"/>
  <testcase classname="br.com.ricardotulio.mikrotikadmin.model.FaturaTest" name="testaSeDeveLancarFaturaSeValorAbaixoDoMinimo[24]" time="0"/>
  <testcase classname="br.com.ricardotulio.mikrotikadmin.model.FaturaTest" name="testaSeCalculaFatura[24]" time="0"/>
  <testcase classname="br.com.ricardotulio.mikrotikadmin.model.FaturaTest" name="testaSeDeveLancarFaturaSeValorAbaixoDoMinimo[25]" time="0.001"/>
  <testcase classname="br.com.ricardotulio.mikrotikadmin.model.FaturaTest" name="testaSeCalculaFatura[25]" time="0"/>
  <testcase classname="br.com.ricardotulio.mikrotikadmin.model.FaturaTest" name="testaSeDeveLancarFaturaSeValorAbaixoDoMinimo[26]" time="0"/>
  <testcase classname="br.com.ricardotulio.mikrotikadmin.model.FaturaTest" name="testaSeCalculaFatura[26]" time="0"/>
  <testcase classname="br.com.ricardotulio.mikrotikadmin.model.FaturaTest" name="testaSeDeveLancarFaturaSeValorAbaixoDoMinimo[27]" time="0"/>
  <testcase classname="br.com.ricardotulio.mikrotikadmin.model.FaturaTest" name="testaSeCalculaFatura[27]" time="0"/>
  <testcase classname="br.com.ricardotulio.mikrotikadmin.model.FaturaTest" name="testaSeDeveLancarFaturaSeValorAbaixoDoMinimo[28]" time="0"/>
  <testcase classname="br.com.ricardotulio.mikrotikadmin.model.FaturaTest" name="testaSeCalculaFatura[28]" time="0"/>
  <testcase classname="br.com.ricardotulio.mikrotikadmin.model.FaturaTest" name="testaSeDeveLancarFaturaSeValorAbaixoDoMinimo[29]" time="0"/>
  <testcase classname="br.com.ricardotulio.mikrotikadmin.model.FaturaTest" name="testaSeCalculaFatura[29]" time="0.001"/>
  <testcase classname="br.com.ricardotulio.mikrotikadmin.model.FaturaTest" name="testaSeDeveLancarFaturaSeValorAbaixoDoMinimo[30]" time="0"/>
  <testcase classname="br.com.ricardotulio.mikrotikadmin.model.FaturaTest" name="testaSeCalculaFatura[30]" time="0"/>
  <testcase classname="br.com.ricardotulio.mikrotikadmin.model.FaturaTest" name="testaSeDeveLancarFaturaSeValorAbaixoDoMinimo[31]" time="0"/>
  <testcase classname="br.com.ricardotulio.mikrotikadmin.model.FaturaTest" name="testaSeCalculaFatura[31]" time="0"/>
  <testcase classname="br.com.ricardotulio.mikrotikadmin.model.FaturaTest" name="testaSeDeveLancarFaturaSeValorAbaixoDoMinimo[32]" time="0"/>
  <testcase classname="br.com.ricardotulio.mikrotikadmin.model.FaturaTest" name="testaSeCalculaFatura[32]" time="0"/>
  <testcase classname="br.com.ricardotulio.mikrotikadmin.model.FaturaTest" name="testaSeDeveLancarFaturaSeValorAbaixoDoMinimo[33]" time="0"/>
  <testcase classname="br.com.ricardotulio.mikrotikadmin.model.FaturaTest" name="testaSeCalculaFatura[33]" time="0"/>
  <testcase classname="br.com.ricardotulio.mikrotikadmin.model.FaturaTest" name="testaSeDeveLancarFaturaSeValorAbaixoDoMinimo[34]" time="0"/>
  <testcase classname="br.com.ricardotulio.mikrotikadmin.model.FaturaTest" name="testaSeCalculaFatura[34]" time="0"/>
  <testcase classname="br.com.ricardotulio.mikrotikadmin.model.FaturaTest" name="testaSeDeveLancarFaturaSeValorAbaixoDoMinimo[35]" time="0"/>
  <testcase classname="br.com.ricardotulio.mikrotikadmin.model.FaturaTest" name="testaSeCalculaFatura[35]" time="0.001"/>
  <testcase classname="br.com.ricardotulio.mikrotikadmin.model.FaturaTest" name="testaSeDeveLancarFaturaSeValorAbaixoDoMinimo[36]" time="0"/>
  <testcase classname="br.com.ricardotulio.mikrotikadmin.model.FaturaTest" name="testaSeCalculaFatura[36]" time="0"/>
  <testcase classname="br.com.ricardotulio.mikrotikadmin.model.FaturaTest" name="testaSeDeveLancarFaturaSeValorAbaixoDoMinimo[37]" time="0"/>
  <testcase classname="br.com.ricardotulio.mikrotikadmin.model.FaturaTest" name="testaSeCalculaFatura[37]" time="0"/>
  <testcase classname="br.com.ricardotulio.mikrotikadmin.model.FaturaTest" name="testaSeDeveLancarFaturaSeValorAbaixoDoMinimo[38]" time="0"/>
  <testcase classname="br.com.ricardotulio.mikrotikadmin.model.FaturaTest" name="testaSeCalculaFatura[38]" time="0"/>
  <testcase classname="br.com.ricardotulio.mikrotikadmin.model.FaturaTest" name="testaSeDeveLancarFaturaSeValorAbaixoDoMinimo[39]" time="0"/>
  <testcase classname="br.com.ricardotulio.mikrotikadmin.model.FaturaTest" name="testaSeCalculaFatura[39]" time="0"/>
  <testcase classname="br.com.ricardotulio.mikrotikadmin.model.FaturaTest" name="testaSeDeveLancarFaturaSeValorAbaixoDoMinimo[40]" time="0.001"/>
  <testcase classname="br.com.ricardotulio.mikrotikadmin.model.FaturaTest" name="testaSeCalculaFatura[40]" time="0"/>
  <testcase classname="br.com.ricardotulio.mikrotikadmin.model.FaturaTest" name="testaSeDeveLancarFaturaSeValorAbaixoDoMinimo[41]" time="0"/>
  <testcase classname="br.com.ricardotulio.mikrotikadmin.model.FaturaTest" name="testaSeCalculaFatura[41]" time="0"/>
  <testcase classname="br.com.ricardotulio.mikrotikadmin.model.FaturaTest" name="testaSeDeveLancarFaturaSeValorAbaixoDoMinimo[42]" time="0"/>
  <testcase classname="br.com.ricardotulio.mikrotikadmin.model.FaturaTest" name="testaSeCalculaFatura[42]" time="0"/>
  <testcase classname="br.com.ricardotulio.mikrotikadmin.model.FaturaTest" name="testaSeDeveLancarFaturaSeValorAbaixoDoMinimo[43]" time="0"/>
  <testcase classname="br.com.ricardotulio.mikrotikadmin.model.FaturaTest" name="testaSeCalculaFatura[43]" time="0"/>
  <testcase classname="br.com.ricardotulio.mikrotikadmin.model.FaturaTest" name="testaSeDeveLancarFaturaSeValorAbaixoDoMinimo[44]" time="0"/>
  <testcase classname="br.com.ricardotulio.mikrotikadmin.model.FaturaTest" name="testaSeCalculaFatura[44]" time="0"/>
  <testcase classname="br.com.ricardotulio.mikrotikadmin.model.FaturaTest" name="testaSeDeveLancarFaturaSeValorAbaixoDoMinimo[45]" time="0"/>
  <testcase classname="br.com.ricardotulio.mikrotikadmin.model.FaturaTest" name="testaSeCalculaFatura[45]" time="0"/>
  <testcase classname="br.com.ricardotulio.mikrotikadmin.model.FaturaTest" name="testaSeDeveLancarFaturaSeValorAbaixoDoMinimo[46]" time="0"/>
  <testcase classname="br.com.ricardotulio.mikrotikadmin.model.FaturaTest" name="testaSeCalculaFatura[46]" time="0"/>
  <testcase classname="br.com.ricardotulio.mikrotikadmin.model.FaturaTest" name="testaSeDeveLancarFaturaSeValorAbaixoDoMinimo[47]" time="0.001"/>
  <testcase classname="br.com.ricardotulio.mikrotikadmin.model.FaturaTest" name="testaSeCalculaFatura[47]" time="0"/>
  <testcase classname="br.com.ricardotulio.mikrotikadmin.model.FaturaTest" name="testaSeDeveLancarFaturaSeValorAbaixoDoMinimo[48]" time="0"/>
  <testcase classname="br.com.ricardotulio.mikrotikadmin.model.FaturaTest" name="testaSeCalculaFatura[48]" time="0"/>
  <testcase classname="br.com.ricardotulio.mikrotikadmin.model.FaturaTest" name="testaSeDeveLancarFaturaSeValorAbaixoDoMinimo[49]" time="0"/>
  <testcase classname="br.com.ricardotulio.mikrotikadmin.model.FaturaTest" name="testaSeCalculaFatura[49]" time="0"/>
  <testcase classname="br.com.ricardotulio.mikrotikadmin.model.FaturaTest" name="testaSeDeveLancarFaturaSeValorAbaixoDoMinimo[50]" time="0"/>
  <testcase classname="br.com.ricardotulio.mikrotikadmin.model.FaturaTest" name="testaSeCalculaFatura[50]" time="0"/>
  <testcase classname="br.com.ricardotulio.mikrotikadmin.model.FaturaTest" name="testaSeDeveLancarFaturaSeValorAbaixoDoMinimo[51]" time="0"/>
  <testcase classname="br.com.ricardotulio.mikrotikadmin.model.FaturaTest" name="testaSeCalculaFatura[51]" time="0"/>
  <testcase classname="br.com.ricardotulio.mikrotikadmin.model.FaturaTest" name="testaSeDeveLancarFaturaSeValorAbaixoDoMinimo[52]" time="0"/>
  <testcase classname="br.com.ricardotulio.mikrotikadmin.model.FaturaTest" name="testaSeCalculaFatura[52]" time="0"/>
  <testcase classname="br.com.ricardotulio.mikrotikadmin.model.FaturaTest" name="testaSeDeveLancarFaturaSeValorAbaixoDoMinimo[53]" time="0"/>
  <testcase classname="br.com.ricardotulio.mikrotikadmin.model.FaturaTest" name="testaSeCalculaFatura[53]" time="0.001"/>
  <testcase classname="br.com.ricardotulio.mikrotikadmin.model.FaturaTest" name="testaSeDeveLancarFaturaSeValorAbaixoDoMinimo[54]" time="0"/>
  <testcase classname="br.com.ricardotulio.mikrotikadmin.model.FaturaTest" name="testaSeCalculaFatura[54]" time="0"/>
  <testcase classname="br.com.ricardotulio.mikrotikadmin.model.FaturaTest" name="testaSeDeveLancarFaturaSeValorAbaixoDoMinimo[55]" time="0"/>
  <testcase classname="br.com.ricardotulio.mikrotikadmin.model.FaturaTest" name="testaSeCalculaFatura[55]" time="0"/>
  <testcase classname="br.com.ricardotulio.mikrotikadmin.model.FaturaTest" name="testaSeDeveLancarFaturaSeValorAbaixoDoMinimo[56]" time="0"/>
  <testcase classname="br.com.ricardotulio.mikrotikadmin.model.FaturaTest" name="testaSeCalculaFatura[56]" time="0"/>
  <testcase classname="br.com.ricardotulio.mikrotikadmin.model.FaturaTest" name="testaSeDeveLancarFaturaSeValorAbaixoDoMinimo[57]" time="0"/>
  <testcase classname="br.com.ricardotulio.mikrotikadmin.model.FaturaTest" name="testaSeCalculaFatura[57]" time="0"/>
  <testcase classname="br.com.ricardotulio.mikrotikadmin.model.FaturaTest" name="testaSeDeveLancarFaturaSeValorAbaixoDoMinimo[58]" time="0"/>
  <testcase classname="br.com.ricardotulio.mikrotikadmin.model.FaturaTest" name="testaSeCalculaFatura[58]" time="0"/>
  <testcase classname="br.com.ricardotulio.mikrotikadmin.model.FaturaTest" name="testaSeDeveLancarFaturaSeValorAbaixoDoMinimo[59]" time="0"/>
[...]
	at org.apache.maven.surefire.junit4.JUnit4Provider.invoke(JUnit4Provider.java:104)
	at sun.reflect.NativeMethodAccessorImpl.invoke0(Native Method)
	at sun.reflect.NativeMethodAccessorImpl.invoke(NativeMethodAccessorImpl.java:62)
	at sun.reflect.DelegatingMethodAccessorImpl.invoke(DelegatingMethodAccessorImpl.java:43)
	at java.lang.reflect.Method.invoke(Method.java:497)
	at org.apache.maven.surefire.util.ReflectionUtils.invokeMethodWithArray(ReflectionUtils.java:164)
	at org.apache.maven.surefire.booter.ProviderFactory$ProviderProxy.invoke(ProviderFactory.java:110)
	at org.apache.maven.surefire.booter.SurefireStarter.invokeProvider(SurefireStarter.java:175)
	at org.apache.maven.surefire.booter.SurefireStarter.runSuitesInProcessWhenForked(SurefireStarter.java:107)
	at org.apache.maven.surefire.booter.ForkedBooter.main(ForkedBooter.java:68)
Caused by: org.openqa.selenium.NoSuchElementException: Unable to locate element: {&quot;method&quot;:&quot;name&quot;,&quot;selector&quot;:&quot;nome&quot;}
For documentation on this error, please visit: http://seleniumhq.org/exceptions/no_such_element.html
Build info: version: &apos;2.53.1&apos;, revision: &apos;a36b8b1cd5757287168e54b817830adce9b0158d&apos;, time: &apos;2016-06-30 19:26:09&apos;
System info: host: &apos;debian&apos;, ip: &apos;127.0.1.1&apos;, os.name: &apos;Linux&apos;, os.arch: &apos;amd64&apos;, os.version: &apos;3.16.0-4-amd64&apos;, java.version: &apos;1.8.0_51&apos;
Driver info: driver.version: unknown
	at &lt;anonymous class&gt;.FirefoxDriver.prototype.findElementInternal_(file:///tmp/anonymous8846447961898476242webdriver-profile/extensions/fxdriver@googlecode.com/components/driver-component.js:10770)
	at &lt;anonymous class&gt;.FirefoxDriver.prototype.findElement(file:///tmp/anonymous8846447961898476242webdriver-profile/extensions/fxdriver@googlecode.com/components/driver-component.js:10779)
	at &lt;anonymous class&gt;.DelayedCommand.prototype.executeInternal_/h(file:///tmp/anonymous8846447961898476242webdriver-profile/extensions/fxdriver@googlecode.com/components/command-processor.js:12661)
	at &lt;anonymous class&gt;.DelayedCommand.prototype.executeInternal_(file:///tmp/anonymous8846447961898476242webdriver-profile/extensions/fxdriver@googlecode.com/components/command-processor.js:12666)
	at &lt;anonymous class&gt;.DelayedCommand.prototype.execute/&lt;(file:///tmp/anonymous8846447961898476242webdriver-profile/extensions/fxdriver@googlecode.com/components/command-processor.js:12608)
</error>
  </testcase>
  <testcase classname="br.com.ricardotulio.mikrotikadmin.CadastraClientesTest" name="testaSeCadastraCliente[44]" time="0.095">
    <error message="Unable to locate element: {&quot;method&quot;:&quot;name&quot;,&quot;selector&quot;:&quot;nome&quot;}
Command duration or timeout: 8 milliseconds
For documentation on this error, please visit: http://seleniumhq.org/exceptions/no_such_element.html
Build info: version: &apos;2.53.1&apos;, revision: &apos;a36b8b1cd5757287168e54b817830adce9b0158d&apos;, time: &apos;2016-06-30 19:26:09&apos;
System info: host: &apos;debian&apos;, ip: &apos;127.0.1.1&apos;, os.name: &apos;Linux&apos;, os.arch: &apos;amd64&apos;, os.version: &apos;3.16.0-4-amd64&apos;, java.version: &apos;1.8.0_51&apos;
Driver info: org.openqa.selenium.firefox.FirefoxDriver
Capabilities [{applicationCacheEnabled=true, rotatable=false, handlesAlerts=true, databaseEnabled=true, version=47.0.1, platform=LINUX, nativeEvents=false, acceptSslCerts=true, webStorageEnabled=true, locationContextEnabled=true, browserName=firefox, takesScreenshot=true, javascriptEnabled=true, cssSelectorsEnabled=true}]
Session ID: 63b2e1f2-3dfd-4953-81b6-c0eee30c274e
*** Element info: {Using=name, value=nome}" type="org.openqa.selenium.NoSuchElementException">org.openqa.selenium.NoSuchElementException: Unable to locate element: {&quot;method&quot;:&quot;name&quot;,&quot;selector&quot;:&quot;nome&quot;}
Command duration or timeout: 8 milliseconds
For documentation on this error, please visit: http://seleniumhq.org/exceptions/no_such_element.html
Build info: version: &apos;2.53.1&apos;, revision: &apos;a36b8b1cd5757287168e54b817830adce9b0158d&apos;, time: &apos;2016-06-30 19:26:09&apos;
System info: host: &apos;debian&apos;, ip: &apos;127.0.1.1&apos;, os.name: &apos;Linux&apos;, os.arch: &apos;amd64&apos;, os.version: &apos;3.16.0-4-amd64&apos;, java.version: &apos;1.8.0_51&apos;
Driver info: org.openqa.selenium.firefox.FirefoxDriver
Capabilities [{applicationCacheEnabled=true, rotatable=false, handlesAlerts=true, databaseEnabled=true, version=47.0.1, platform=LINUX, nativeEvents=false, acceptSslCerts=true, webStorageEnabled=true, locationContextEnabled=true, browserName=firefox, takesScreenshot=true, javascriptEnabled=true, cssSelectorsEnabled=true}]
Session ID: 63b2e1f2-3dfd-4953-81b6-c0eee30c274e
*** Element info: {Using=name, value=nome}
	at sun.reflect.GeneratedConstructorAccessor11.newInstance(Unknown Source)
	at sun.reflect.DelegatingConstructorAccessorImpl.newInstance(DelegatingConstructorAccessorImpl.java:45)
	at java.lang.reflect.Constructor.newInstance(Constructor.java:422)
	at org.openqa.selenium.remote.ErrorHandler.createThrowable(ErrorHandler.java:206)
	at org.openqa.selenium.remote.ErrorHandler.throwIfResponseFailed(ErrorHandler.java:158)
	at org.openqa.selenium.remote.RemoteWebDriver.execute(RemoteWebDriver.java:678)
	at org.openqa.selenium.remote.RemoteWebDriver.findElement(RemoteWebDriver.java:363)
	at org.openqa.selenium.remote.RemoteWebDriver.findElementByName(RemoteWebDriver.java:461)
	at org.openqa.selenium.By$ByName.findElement(By.java:303)
	at org.openqa.selenium.remote.RemoteWebDriver.findElement(RemoteWebDriver.java:355)
	at br.com.ricardotulio.mikrotikadmin.CadastraClientesTest.testaSeCadastraCliente(CadastraClientesTest.java:129)
	at sun.reflect.GeneratedMethodAccessor10.invoke(Unknown Source)
	at sun.reflect.DelegatingMethodAccessorImpl.invoke(DelegatingMethodAccessorImpl.java:43)
	at java.lang.reflect.Method.invoke(Method.java:497)
	at org.junit.runners.model.FrameworkMethod$1.runReflectiveCall(FrameworkMethod.java:50)
	at org.junit.internal.runners.model.ReflectiveCallable.run(ReflectiveCallable.java:12)
	at org.junit.runners.model.FrameworkMethod.invokeExplosively(FrameworkMethod.java:47)
	at org.junit.internal.runners.statements.InvokeMethod.evaluate(InvokeMethod.java:17)
	at org.junit.internal.runners.statements.RunAfters.evaluate(RunAfters.java:27)
	at org.junit.rules.TestWatcher$1.evaluate(TestWatcher.java:55)
	at org.junit.rules.RunRules.evaluate(RunRules.java:20)
	at org.junit.runners.ParentRunner.runLeaf(ParentRunner.java:325)
	at org.junit.runners.BlockJUnit4ClassRunner.runChild(BlockJUnit4ClassRunner.java:78)
	at org.junit.runners.BlockJUnit4ClassRunner.runChild(BlockJUnit4ClassRunner.java:57)
	at org.junit.runners.ParentRunner$3.run(ParentRunner.java:290)
	at org.junit.runners.ParentRunner$1.schedule(ParentRunner.java:71)
	at org.junit.runners.ParentRunner.runChildren(ParentRunner.java:288)
	at org.junit.runners.ParentRunner.access$000(ParentRunner.java:58)
	at org.junit.runners.ParentRunner$2.evaluate(ParentRunner.java:268)
	at org.junit.runners.ParentRunner.run(ParentRunner.java:363)
	at org.junit.runners.Suite.runChild(Suite.java:128)
	at org.junit.runners.Suite.runChild(Suite.java:27)
	at org.junit.runners.ParentRunner$3.run(ParentRunner.java:290)
	at org.junit.runners.ParentRunner$1.schedule(ParentRunner.java:71)
	at org.junit.runners.ParentRunner.runChildren(ParentRunner.java:288)
	at org.junit.runners.ParentRunner.access$000(ParentRunner.java:58)
	at org.junit.runners.ParentRunner$2.evaluate(ParentRunner.java:268)
	at org.junit.internal.runners.statements.RunBefores.evaluate(RunBefores.java:26)
	at org.junit.internal.runners.statements.RunAfters.evaluate(RunAfters.java:27)
	at org.junit.runners.ParentRunner.run(ParentRunner.java:363)
	at org.junit.runners.Suite.runChild(Suite.java:128)
	at org.junit.runners.Suite.runChild(Suite.java:27)
	at org.junit.runners.ParentRunner$3.run(ParentRunner.java:290)
	at org.junit.runners.ParentRunner$1.schedule(ParentRunner.java:71)
	at org.junit.runners.ParentRunner.runChildren(ParentRunner.java:288)
	at org.junit.runners.ParentRunner.access$000(ParentRunner.java:58)
	at org.junit.runners.ParentRunner$2.evaluate(ParentRunner.java:268)
	at org.junit.internal.runners.statements.RunBefores.evaluate(RunBefores.java:26)
	at org.junit.internal.runners.statements.RunAfters.evaluate(RunAfters.java:27)
	at org.junit.runners.ParentRunner.run(ParentRunner.java:363)
	at org.apache.maven.surefire.junit4.JUnit4TestSet.execute(JUnit4TestSet.java:53)
	at org.apache.maven.surefire.junit4.JUnit4Provider.executeTestSet(JUnit4Provider.java:123)
	at org.apache.maven.surefire.junit4.JUnit4Provider.invoke(JUnit4Provider.java:104)
	at sun.reflect.NativeMethodAccessorImpl.invoke0(Native Method)
	at sun.reflect.NativeMethodAccessorImpl.invoke(NativeMethodAccessorImpl.java:62)
	at sun.reflect.DelegatingMethodAccessorImpl.invoke(DelegatingMethodAccessorImpl.java:43)
	at java.lang.reflect.Method.invoke(Method.java:497)
	at org.apache.maven.surefire.util.ReflectionUtils.invokeMethodWithArray(ReflectionUtils.java:164)
	at org.apache.maven.surefire.booter.ProviderFactory$ProviderProxy.invoke(ProviderFactory.java:110)
	at org.apache.maven.surefire.booter.SurefireStarter.invokeProvider(SurefireStarter.java:175)
	at org.apache.maven.surefire.booter.SurefireStarter.runSuitesInProcessWhenForked(SurefireStarter.java:107)
	at org.apache.maven.surefire.booter.ForkedBooter.main(ForkedBooter.java:68)
Caused by: org.openqa.selenium.NoSuchElementException: Unable to locate element: {&quot;method&quot;:&quot;name&quot;,&quot;selector&quot;:&quot;nome&quot;}
For documentation on this error, please visit: http://seleniumhq.org/exceptions/no_such_element.html
Build info: version: &apos;2.53.1&apos;, revision: &apos;a36b8b1cd5757287168e54b817830adce9b0158d&apos;, time: &apos;2016-06-30 19:26:09&apos;
System info: host: &apos;debian&apos;, ip: &apos;127.0.1.1&apos;, os.name: &apos;Linux&apos;, os.arch: &apos;amd64&apos;, os.version: &apos;3.16.0-4-amd64&apos;, java.version: &apos;1.8.0_51&apos;
Driver info: driver.version: unknown
	at &lt;anonymous class&gt;.FirefoxDriver.prototype.findElementInternal_(file:///tmp/anonymous8846447961898476242webdriver-profile/extensions/fxdriver@googlecode.com/components/driver-component.js:10770)
	at &lt;anonymous class&gt;.FirefoxDriver.prototype.findElement(file:///tmp/anonymous8846447961898476242webdriver-profile/extensions/fxdriver@googlecode.com/components/driver-component.js:10779)
	at &lt;anonymous class&gt;.DelayedCommand.prototype.executeInternal_/h(file:///tmp/anonymous8846447961898476242webdriver-profile/extensions/fxdriver@googlecode.com/components/command-processor.js:12661)
	at &lt;anonymous class&gt;.DelayedCommand.prototype.executeInternal_(file:///tmp/anonymous8846447961898476242webdriver-profile/extensions/fxdriver@googlecode.com/components/command-processor.js:12666)
	at &lt;anonymous class&gt;.DelayedCommand.prototype.execute/&lt;(file:///tmp/anonymous8846447961898476242webdriver-profile/extensions/fxdriver@googlecode.com/components/command-processor.js:12608)
</error>
  </testcase>
  <testcase classname="br.com.ricardotulio.mikrotikadmin.CadastraClientesTest" name="testaSeCadastraCliente[45]" time="0.101">
    <error message="Unable to locate element: {&quot;method&quot;:&quot;name&quot;,&quot;selector&quot;:&quot;nome&quot;}
Command duration or timeout: 7 milliseconds
For documentation on this error, please visit: http://seleniumhq.org/exceptions/no_such_element.html
Build info: version: &apos;2.53.1&apos;, revision: &apos;a36b8b1cd5757287168e54b817830adce9b0158d&apos;, time: &apos;2016-06-30 19:26:09&apos;
System info: host: &apos;debian&apos;, ip: &apos;127.0.1.1&apos;, os.name: &apos;Linux&apos;, os.arch: &apos;amd64&apos;, os.version: &apos;3.16.0-4-amd64&apos;, java.version: &apos;1.8.0_51&apos;
Driver info: org.openqa.selenium.firefox.FirefoxDriver
Capabilities [{applicationCacheEnabled=true, rotatable=false, handlesAlerts=true, databaseEnabled=true, version=47.0.1, platform=LINUX, nativeEvents=false, acceptSslCerts=true, webStorageEnabled=true, locationContextEnabled=true, browserName=firefox, takesScreenshot=true, javascriptEnabled=true, cssSelectorsEnabled=true}]
Session ID: 63b2e1f2-3dfd-4953-81b6-c0eee30c274e
*** Element info: {Using=name, value=nome}" type="org.openqa.selenium.NoSuchElementException">org.openqa.selenium.NoSuchElementException: Unable to locate element: {&quot;method&quot;:&quot;name&quot;,&quot;selector&quot;:&quot;nome&quot;}
Command duration or timeout: 7 milliseconds
For documentation on this error, please visit: http://seleniumhq.org/exceptions/no_such_element.html
Build info: version: &apos;2.53.1&apos;, revision: &apos;a36b8b1cd5757287168e54b817830adce9b0158d&apos;, time: &apos;2016-06-30 19:26:09&apos;
System info: host: &apos;debian&apos;, ip: &apos;127.0.1.1&apos;, os.name: &apos;Linux&apos;, os.arch: &apos;amd64&apos;, os.version: &apos;3.16.0-4-amd64&apos;, java.version: &apos;1.8.0_51&apos;
Driver info: org.openqa.selenium.firefox.FirefoxDriver
Capabilities [{applicationCacheEnabled=true, rotatable=false, handlesAlerts=true, databaseEnabled=true, version=47.0.1, platform=LINUX, nativeEvents=false, acceptSslCerts=true, webStorageEnabled=true, locationContextEnabled=true, browserName=firefox, takesScreenshot=true, javascriptEnabled=true, cssSelectorsEnabled=true}]
Session ID: 63b2e1f2-3dfd-4953-81b6-c0eee30c274e
*** Element info: {Using=name, value=nome}
	at sun.reflect.GeneratedConstructorAccessor11.newInstance(Unknown Source)
	at sun.reflect.DelegatingConstructorAccessorImpl.newInstance(DelegatingConstructorAccessorImpl.java:45)
	at java.lang.reflect.Constructor.newInstance(Constructor.java:422)
	at org.openqa.selenium.remote.ErrorHandler.createThrowable(ErrorHandler.java:206)
	at org.openqa.selenium.remote.ErrorHandler.throwIfResponseFailed(ErrorHandler.java:158)
	at org.openqa.selenium.remote.RemoteWebDriver.execute(RemoteWebDriver.java:678)
	at org.openqa.selenium.remote.RemoteWebDriver.findElement(RemoteWebDriver.java:363)
	at org.openqa.selenium.remote.RemoteWebDriver.findElementByName(RemoteWebDriver.java:461)
	at org.openqa.selenium.By$ByName.findElement(By.java:303)
	at org.openqa.selenium.remote.RemoteWebDriver.findElement(RemoteWebDriver.java:355)
	at br.com.ricardotulio.mikrotikadmin.CadastraClientesTest.testaSeCadastraCliente(CadastraClientesTest.java:129)
	at sun.reflect.GeneratedMethodAccessor10.invoke(Unknown Source)
	at sun.reflect.DelegatingMethodAccessorImpl.invoke(DelegatingMethodAccessorImpl.java:43)
	at java.lang.reflect.Method.invoke(Method.java:497)
	at org.junit.runners.model.FrameworkMethod$1.runReflectiveCall(FrameworkMethod.java:50)
	at org.junit.internal.runners.model.ReflectiveCallable.run(ReflectiveCallable.java:12)
	at org.junit.runners.model.FrameworkMethod.invokeExplosively(FrameworkMethod.java:47)
	at org.junit.internal.runners.statements.InvokeMethod.evaluate(InvokeMethod.java:17)
	at org.junit.internal.runners.statements.RunAfters.evaluate(RunAfters.java:27)
	at org.junit.rules.TestWatcher$1.evaluate(TestWatcher.java:55)
	at org.junit.rules.RunRules.evaluate(RunRules.java:20)
	at org.junit.runners.ParentRunner.runLeaf(ParentRunner.java:325)
	at org.junit.runners.BlockJUnit4ClassRunner.runChild(BlockJUnit4ClassRunner.java:78)
	at org.junit.runners.BlockJUnit4ClassRunner.runChild(BlockJUnit4ClassRunner.java:57)
	at org.junit.runners.ParentRunner$3.run(ParentRunner.java:290)
	at org.junit.runners.ParentRunner$1.schedule(ParentRunner.java:71)
	at org.junit.runners.ParentRunner.runChildren(ParentRunner.java:288)
	at org.junit.runners.ParentRunner.access$000(ParentRunner.java:58)
	at org.junit.runners.ParentRunner$2.evaluate(ParentRunner.java:268)
	at org.junit.runners.ParentRunner.run(ParentRunner.java:363)
	at org.junit.runners.Suite.runChild(Suite.java:128)
	at org.junit.runners.Suite.runChild(Suite.java:27)
	at org.junit.runners.ParentRunner$3.run(ParentRunner.java:290)
	at org.junit.runners.ParentRunner$1.schedule(ParentRunner.java:71)
	at org.junit.runners.ParentRunner.runChildren(ParentRunner.java:288)
	at org.junit.runners.ParentRunner.access$000(ParentRunner.java:58)
	at org.junit.runners.ParentRunner$2.evaluate(ParentRunner.java:268)
	at org.junit.internal.runners.statements.RunBefores.evaluate(RunBefores.java:26)
	at org.junit.internal.runners.statements.RunAfters.evaluate(RunAfters.java:27)
	at org.junit.runners.ParentRunner.run(ParentRunner.java:363)
	at org.junit.runners.Suite.runChild(Suite.java:128)
	at org.junit.runners.Suite.runChild(Suite.java:27)
	at org.junit.runners.ParentRunner$3.run(ParentRunner.java:290)
	at org.junit.runners.ParentRunner$1.schedule(ParentRunner.java:71)
	at org.junit.runners.ParentRunner.runChildren(ParentRunner.java:288)
	at org.junit.runners.ParentRunner.access$000(ParentRunner.java:58)
	at org.junit.runners.ParentRunner$2.evaluate(ParentRunner.java:268)
	at org.junit.internal.runners.statements.RunBefores.evaluate(RunBefores.java:26)
	at org.junit.internal.runners.statements.RunAfters.evaluate(RunAfters.java:27)
	at org.junit.runners.ParentRunner.run(ParentRunner.java:363)
	at org.apache.maven.surefire.junit4.JUnit4TestSet.execute(JUnit4TestSet.java:53)
	at org.apache.maven.surefire.junit4.JUnit4Provider.executeTestSet(JUnit4Provider.java:123)
	at org.apache.maven.surefire.junit4.JUnit4Provider.invoke(JUnit4Provider.java:104)
	at sun.reflect.NativeMethodAccessorImpl.invoke0(Native Method)
	at sun.reflect.NativeMethodAccessorImpl.invoke(NativeMethodAccessorImpl.java:62)
	at sun.reflect.DelegatingMethodAccessorImpl.invoke(DelegatingMethodAccessorImpl.java:43)
	at java.lang.reflect.Method.invoke(Method.java:497)
	at org.apache.maven.surefire.util.ReflectionUtils.invokeMethodWithArray(ReflectionUtils.java:164)
	at org.apache.maven.surefire.booter.ProviderFactory$ProviderProxy.invoke(ProviderFactory.java:110)
	at org.apache.maven.surefire.booter.SurefireStarter.invokeProvider(SurefireStarter.java:175)
	at org.apache.maven.surefire.booter.SurefireStarter.runSuitesInProcessWhenForked(SurefireStarter.java:107)
	at org.apache.maven.surefire.booter.ForkedBooter.main(ForkedBooter.java:68)
Caused by: org.openqa.selenium.NoSuchElementException: Unable to locate element: {&quot;method&quot;:&quot;name&quot;,&quot;selector&quot;:&quot;nome&quot;}
For documentation on this error, please visit: http://seleniumhq.org/exceptions/no_such_element.html
Build info: version: &apos;2.53.1&apos;, revision: &apos;a36b8b1cd5757287168e54b817830adce9b0158d&apos;, time: &apos;2016-06-30 19:26:09&apos;
System info: host: &apos;debian&apos;, ip: &apos;127.0.1.1&apos;, os.name: &apos;Linux&apos;, os.arch: &apos;amd64&apos;, os.version: &apos;3.16.0-4-amd64&apos;, java.version: &apos;1.8.0_51&apos;
Driver info: driver.version: unknown
	at &lt;anonymous class&gt;.FirefoxDriver.prototype.findElementInternal_(file:///tmp/anonymous8846447961898476242webdriver-profile/extensions/fxdriver@googlecode.com/components/driver-component.js:10770)
	at &lt;anonymous class&gt;.FirefoxDriver.prototype.findElement(file:///tmp/anonymous8846447961898476242webdriver-profile/extensions/fxdriver@googlecode.com/components/driver-component.js:10779)
	at &lt;anonymous class&gt;.DelayedCommand.prototype.executeInternal_/h(file:///tmp/anonymous8846447961898476242webdriver-profile/extensions/fxdriver@googlecode.com/components/command-processor.js:12661)
	at &lt;anonymous class&gt;.DelayedCommand.prototype.executeInternal_(file:///tmp/anonymous8846447961898476242webdriver-profile/extensions/fxdriver@googlecode.com/components/command-processor.js:12666)
	at &lt;anonymous class&gt;.DelayedCommand.prototype.execute/&lt;(file:///tmp/anonymous8846447961898476242webdriver-profile/extensions/fxdriver@googlecode.com/components/command-processor.js:12608)
</error>
  </testcase>
</testsuite>