<?xml version="1.0" encoding="UTF-8" ?>
<testsuite tests="30" failures="0" name="br.com.ricardotulio.mikrotikadmin.model.DataVencimentoTest" time="0.095" errors="0" skipped="0">
  <properties>
[...]
</properties>
  <testcase classname="br.com.ricardotulio.mikrotikadmin.model.DataVencimentoTest" name="testaSeCalculaDataVencimento[0]" time="0.001"/>
  <testcase classname="br.com.ricardotulio.mikrotikadmin.model.DataVencimentoTest" name="testaSeCalculaDataVencimento[1]" time="0"/>
  <testcase classname="br.com.ricardotulio.mikrotikadmin.model.DataVencimentoTest" name="testaSeCalculaDataVencimento[2]" time="0"/>
  <testcase classname="br.com.ricardotulio.mikrotikadmin.model.DataVencimentoTest" name="testaSeCalculaDataVencimento[3]" time="0"/>
  <testcase classname="br.com.ricardotulio.mikrotikadmin.model.DataVencimentoTest" name="testaSeCalculaDataVencimento[4]" time="0"/>
  <testcase classname="br.com.ricardotulio.mikrotikadmin.model.DataVencimentoTest" name="testaSeCalculaDataVencimento[5]" time="0"/>
  <testcase classname="br.com.ricardotulio.mikrotikadmin.model.DataVencimentoTest" name="testaSeCalculaDataVencimento[6]" time="0"/>
  <testcase classname="br.com.ricardotulio.mikrotikadmin.model.DataVencimentoTest" name="testaSeCalculaDataVencimento[7]" time="0"/>
  <testcase classname="br.com.ricardotulio.mikrotikadmin.model.DataVencimentoTest" name="testaSeCalculaDataVencimento[8]" time="0"/>
  <testcase classname="br.com.ricardotulio.mikrotikadmin.model.DataVencimentoTest" name="testaSeCalculaDataVencimento[9]" time="0"/>
  <testcase classname="br.com.ricardotulio.mikrotikadmin.model.DataVencimentoTest" name="testaSeCalculaDataVencimento[10]" time="0"/>
  <testcase classname="br.com.ricardotulio.mikrotikadmin.model.DataVencimentoTest" name="testaSeCalculaDataVencimento[11]" time="0"/>
  <testcase classname="br.com.ricardotulio.mikrotikadmin.model.DataVencimentoTest" name="testaSeCalculaDataVencimento[12]" time="0"/>
  <testcase classname="br.com.ricardotulio.mikrotikadmin.model.DataVencimentoTest" name="testaSeCalculaDataVencimento[13]" time="0.001"/>
  <testcase classname="br.com.ricardotulio.mikrotikadmin.model.DataVencimentoTest" name="testaSeCalculaDataVencimento[14]" time="0"/>
  <testcase classname="br.com.ricardotulio.mikrotikadmin.model.DataVencimentoTest" name="testaSeCalculaDataVencimento[15]" time="0"/>
  <testcase classname="br.com.ricardotulio.mikrotikadmin.model.DataVencimentoTest" name="testaSeCalculaDataVencimento[16]" time="0.001"/>
  <testcase classname="br.com.ricardotulio.mikrotikadmin.model.DataVencimentoTest" name="testaSeCalculaDataVencimento[17]" time="0"/>
  <testcase classname="br.com.ricardotulio.mikrotikadmin.model.DataVencimentoTest" name="testaSeCalculaDataVencimento[18]" time="0"/>
  <testcase classname="br.com.ricardotulio.mikrotikadmin.model.DataVencimentoTest" name="testaSeCalculaDataVencimento[19]" time="0"/>
  <testcase classname="br.com.ricardotulio.mikrotikadmin.model.DataVencimentoTest" name="testaSeCalculaDataVencimento[20]" time="0"/>
  <testcase classname="br.com.ricardotulio.mikrotikadmin.model.DataVencimentoTest" name="testaSeCalculaDataVencimento[21]" time="0"/>
  <testcase classname="br.com.ricardotulio.mikrotikadmin.model.DataVencimentoTest" name="testaSeCalculaDataVencimento[22]" time="0"/>
  <testcase classname="br.com.ricardotulio.mikrotikadmin.model.DataVencimentoTest" name="testaSeCalculaDataVencimento[23]" time="0"/>
  <testcase classname="br.com.ricardotulio.mikrotikadmin.model.DataVencimentoTest" name="testaSeCalculaDataVencimento[24]" time="0"/>
  <testcase classname="br.com.ricardotulio.mikrotikadmin.model.DataVencimentoTest" name="testaSeCalculaDataVencimento[25]" time="0.001"/>
  <testcase classname="br.com.ricardotulio.mikrotikadmin.model.DataVencimentoTest" name="testaSeCalculaDataVencimento[26]" time="0"/>
  <testcase classname="br.com.ricardotulio.mikrotikadmin.model.DataVencimentoTest" name="testaSeCalculaDataVencimento[27]" time="0"/>
  <testcase classname="br.com.ricardotulio.mikrotikadmin.model.DataVencimentoTest" name="testaSeCalculaDataVencimento[28]" time="0"/>
  <testcase classname="br.com.ricardotulio.mikrotikadmin.model.DataVencimentoTest" name="testaSeCalculaDataVencimento[29]" time="0"/>
</testsuite>